Log file open, 08/13/19 20:55:42
LogWindows: Failed to load 'aqProf.dll' (GetLastError=126)
LogWindows: File 'aqProf.dll' does not exist
LogWindows: Failed to load 'VtuneApi.dll' (GetLastError=126)
LogWindows: File 'VtuneApi.dll' does not exist
LogWindows: Failed to load 'VtuneApi32e.dll' (GetLastError=126)
LogWindows: File 'VtuneApi32e.dll' does not exist
LogConsoleResponse: Display: Failed to find resolution value strings in scalability ini. Falling back to default.
LogInit: Display: Running engine for game: CircoProj
LogPakFile: Registered encryption key '00000000000000000000000000000000': 0 pak files mounted, 0 remain pending
LogPlatformFile: Not using cached read wrapper
LogTaskGraph: Started task graph with 5 named threads and 11 total threads with 3 sets of task threads.
LogStats: Stats thread started at 0.189040
LogD3D11RHI: Loaded GFSDK_Aftermath_Lib.x64.dll
LogICUInternationalization: ICU TimeZone Detection - Raw Offset: -3:00, Platform Override: ''
LogPluginManager: Mounting plugin Paper2D
LogPluginManager: Mounting plugin AISupport
LogPluginManager: Mounting plugin LightPropagationVolume
LogPluginManager: Mounting plugin ActorLayerUtilities
LogPluginManager: Mounting plugin AnimationSharing
LogPluginManager: Mounting plugin CLionSourceCodeAccess
LogPluginManager: Mounting plugin CodeLiteSourceCodeAccess
LogPluginManager: Mounting plugin GitSourceControl
LogPluginManager: Mounting plugin KDevelopSourceCodeAccess
LogPluginManager: Mounting plugin NullSourceCodeAccess
LogPluginManager: Mounting plugin PerforceSourceControl
LogPluginManager: Mounting plugin SubversionSourceControl
LogPluginManager: Mounting plugin UObjectPlugin
LogPluginManager: Mounting plugin VisualStudioCodeSourceCodeAccess
LogPluginManager: Mounting plugin VisualStudioSourceCodeAccess
LogPluginManager: Mounting plugin XCodeSourceCodeAccess
LogPluginManager: Mounting plugin AssetManagerEditor
LogPluginManager: Mounting plugin CryptoKeys
LogPluginManager: Mounting plugin DataValidation
LogPluginManager: Mounting plugin FacialAnimation
LogPluginManager: Mounting plugin GameplayTagsEditor
LogPluginManager: Mounting plugin MacGraphicsSwitching
LogPluginManager: Mounting plugin MaterialAnalyzer
LogPluginManager: Mounting plugin MobileLauncherProfileWizard
LogPluginManager: Mounting plugin PluginBrowser
LogPluginManager: Mounting plugin SpeedTreeImporter
LogPluginManager: Mounting plugin DatasmithContent
LogPluginManager: Mounting plugin VariantManagerContent
LogPluginManager: Mounting plugin AlembicImporter
LogPluginManager: Mounting plugin AppleImageUtils
LogPluginManager: Mounting plugin AppleVision
LogPluginManager: Mounting plugin BackChannel
LogPluginManager: Mounting plugin CharacterAI
LogPluginManager: Mounting plugin GeometryCache
LogPluginManager: Mounting plugin HTML5Networking
LogPluginManager: Mounting plugin ProxyLODPlugin
LogPluginManager: Mounting plugin SkeletalReduction
LogPluginManager: Mounting plugin MagicLeap
LogPluginManager: Mounting plugin MagicLeapMedia
LogPluginManager: Mounting plugin AndroidMedia
LogPluginManager: Mounting plugin AvfMedia
LogPluginManager: Mounting plugin ImgMedia
LogPluginManager: Mounting plugin LinearTimecode
LogPluginManager: Mounting plugin MediaCompositing
LogPluginManager: Mounting plugin MediaPlayerEditor
LogPluginManager: Mounting plugin WebMMedia
LogPluginManager: Mounting plugin WmfMedia
LogPluginManager: Mounting plugin TcpMessaging
LogPluginManager: Mounting plugin UdpMessaging
LogPluginManager: Mounting plugin ActorSequence
LogPluginManager: Mounting plugin LevelSequenceEditor
LogPluginManager: Mounting plugin MatineeToLevelSequence
LogPluginManager: Mounting plugin NetcodeUnitTest
LogPluginManager: Mounting plugin NUTUnrealEngine4
LogPluginManager: Mounting plugin OnlineSubsystemGooglePlay
LogPluginManager: Mounting plugin OnlineSubsystemIOS
LogPluginManager: Mounting plugin OnlineSubsystem
LogPluginManager: Mounting plugin OnlineSubsystemNull
LogPluginManager: Mounting plugin OnlineSubsystemUtils
LogPluginManager: Mounting plugin LauncherChunkInstaller
LogPluginManager: Mounting plugin AndroidDeviceProfileSelector
LogPluginManager: Mounting plugin AndroidMoviePlayer
LogPluginManager: Mounting plugin AndroidPermission
LogPluginManager: Mounting plugin AppleMoviePlayer
LogPluginManager: Mounting plugin ArchVisCharacter
LogPluginManager: Mounting plugin AudioCapture
LogPluginManager: Mounting plugin CableComponent
LogPluginManager: Mounting plugin CustomMeshComponent
LogPluginManager: Mounting plugin EditableMesh
LogPluginManager: Mounting plugin ExampleDeviceProfileSelector
LogPluginManager: Mounting plugin Firebase
LogPluginManager: Mounting plugin GoogleCloudMessaging
LogPluginManager: Mounting plugin IOSDeviceProfileSelector
LogPluginManager: Mounting plugin LinuxDeviceProfileSelector
LogPluginManager: Mounting plugin LocationServicesBPLibrary
LogPluginManager: Mounting plugin MobilePatchingUtils
LogPluginManager: Mounting plugin OculusVR
LogPluginManager: Mounting plugin PhysXVehicles
LogPluginManager: Mounting plugin ProceduralMeshComponent
LogPluginManager: Mounting plugin RuntimePhysXCooking
LogPluginManager: Mounting plugin SignificanceManager
LogPluginManager: Mounting plugin SteamVR
LogPluginManager: Mounting plugin WebMMoviePlayer
LogPluginManager: Mounting plugin WindowsMoviePlayer
LogInit: Using libcurl 7.55.1-DEV
LogInit:  - built for x86_64-pc-win32
LogInit:  - supports SSL with OpenSSL/1.1.1
LogInit:  - supports HTTP deflate (compression) using libz 1.2.8
LogInit:  - other features:
LogInit:      CURL_VERSION_SSL
LogInit:      CURL_VERSION_LIBZ
LogInit:      CURL_VERSION_IPV6
LogInit:      CURL_VERSION_ASYNCHDNS
LogInit:      CURL_VERSION_LARGEFILE
LogInit:      CURL_VERSION_IDN
LogInit:  CurlRequestOptions (configurable via config and command line):
LogInit:  - bVerifyPeer = true  - Libcurl will verify peer certificate
LogInit:  - bUseHttpProxy = false  - Libcurl will NOT use HTTP proxy
LogInit:  - bDontReuseConnections = false  - Libcurl will reuse connections
LogInit:  - MaxHostConnections = 16  - Libcurl will limit the number of connections to a host
LogInit:  - LocalHostAddr = Default
LogInit:  - BufferSize = 65536
LogInit: WinSock: version 1.1 (2.2), MaxSocks=32767, MaxUdp=65467
LogInit: Build: ++UE4+Release-4.22-CL-7053642
LogInit: Engine Version: 4.22.3-7053642+++UE4+Release-4.22
LogInit: Compatible Engine Version: 4.22.0-5660361+++UE4+Release-4.22
LogInit: Net CL: 5660361
LogInit: OS: Windows 10 (Release 1803) (), CPU: Intel(R) Core(TM) i7-5600U CPU @ 2.60GHz, GPU: Intel(R) HD Graphics 5500
LogInit: Compiled (64-bit): Jun 18 2019 03:09:11
LogInit: Compiled with Visual C++: 19.16.27025.01
LogInit: Build Configuration: Development
LogInit: Branch Name: ++UE4+Release-4.22
LogInit: Command Line:  -EpicPortal -epicusername=Blasck -epicuserid=b8efc5aa519543b9817e271f6847770e -epiclocale=pt-BR
LogInit: Base Directory: C:/Program Files/Epic Games/UE_4.22/Engine/Binaries/Win64/
LogInit: Installed Engine Build: 1
LogDevObjectVersion: Number of dev versions registered: 23
LogDevObjectVersion:   Dev-Blueprints (B0D832E4-1F89-4F0D-ACCF-7EB736FD4AA2): 10
LogDevObjectVersion:   Dev-Build (E1C64328-A22C-4D53-A36C-8E866417BD8C): 0
LogDevObjectVersion:   Dev-Core (375EC13C-06E4-48FB-B500-84F0262A717E): 3
LogDevObjectVersion:   Dev-Editor (E4B068ED-F494-42E9-A231-DA0B2E46BB41): 30
LogDevObjectVersion:   Dev-Framework (CFFC743F-43B0-4480-9391-14DF171D2073): 35
LogDevObjectVersion:   Dev-Mobile (B02B49B5-BB20-44E9-A304-32B752E40360): 2
LogDevObjectVersion:   Dev-Networking (A4E4105C-59A1-49B5-A7C5-40C4547EDFEE): 0
LogDevObjectVersion:   Dev-Online (39C831C9-5AE6-47DC-9A44-9C173E1C8E7C): 0
LogDevObjectVersion:   Dev-Physics (78F01B33-EBEA-4F98-B9B4-84EACCB95AA2): 0
LogDevObjectVersion:   Dev-Platform (6631380F-2D4D-43E0-8009-CF276956A95A): 0
LogDevObjectVersion:   Dev-Rendering (12F88B9F-8875-4AFC-A67C-D90C383ABD29): 28
LogDevObjectVersion:   Dev-Sequencer (7B5AE74C-D270-4C10-A958-57980B212A5A): 11
LogDevObjectVersion:   Dev-VR (D7296918-1DD6-4BDD-9DE2-64A83CC13884): 2
LogDevObjectVersion:   Dev-LoadTimes (C2A15278-BFE7-4AFE-6C17-90FF531DF755): 1
LogDevObjectVersion:   Private-Geometry (6EACA3D4-40EC-4CC1-B786-8BED09428FC5): 3
LogDevObjectVersion:   Dev-AnimPhys (29E575DD-E0A3-4627-9D10-D276232CDCEA): 17
LogDevObjectVersion:   Dev-Anim (AF43A65D-7FD3-4947-9873-3E8ED9C1BB05): 2
LogDevObjectVersion:   Dev-ReflectionCapture (6B266CEC-1EC7-4B8F-A30B-E4D90942FC07): 1
LogDevObjectVersion:   Dev-Automation (0DF73D61-A23F-47EA-B727-89E90C41499A): 1
LogDevObjectVersion:   FortniteMain (601D1886-AC64-4F84-AA16-D3DE0DEAC7D6): 25
LogDevObjectVersion:   Dev-Enterprise (9DFFBCD6-494F-0158-E221-12823C92A888): 6
LogDevObjectVersion:   Dev-Niagara (F2AED0AC-9AFE-416F-8664-AA7FFA26D6FC): 1
LogDevObjectVersion:   Dev-Destruction (174F1F0B-B4C6-45A5-B13F-2EE8D0FB917D): 2
LogInit: Presizing for max 16777216 objects, including 0 objects not considered by GC, pre-allocating 0 bytes for permanent pool.
LogInit: Object subsystem initialized
LogConfig: Setting CVar [[con.DebugEarlyDefault:1]]
LogConfig: Setting CVar [[r.setres:1280x720]]
[2019.08.13-23.55.42:907][  0]LogConfig: Setting CVar [[r.VSync:0]]
[2019.08.13-23.55.42:907][  0]LogConfig: Setting CVar [[r.RHICmdBypass:0]]
[2019.08.13-23.55.42:907][  0]LogConfig: Applying CVar settings from Section [/Script/Engine.RendererSettings] File [C:/Users/JENote/Documents/GitHub/UnrealJam/CircoProj/Saved/Config/Windows/Engine.ini]
[2019.08.13-23.55.42:907][  0]LogConfig: Setting CVar [[r.GPUCrashDebugging:0]]
[2019.08.13-23.55.42:907][  0]LogConfig: Setting CVar [[r.DefaultFeature.AutoExposure.ExtendDefaultLuminanceRange:1]]
[2019.08.13-23.55.42:907][  0]LogConfig: Applying CVar settings from Section [/Script/Engine.RendererOverrideSettings] File [C:/Users/JENote/Documents/GitHub/UnrealJam/CircoProj/Saved/Config/Windows/Engine.ini]
[2019.08.13-23.55.42:907][  0]LogConfig: Applying CVar settings from Section [/Script/Engine.StreamingSettings] File [C:/Users/JENote/Documents/GitHub/UnrealJam/CircoProj/Saved/Config/Windows/Engine.ini]
[2019.08.13-23.55.42:907][  0]LogConfig: Setting CVar [[s.MinBulkDataSizeForAsyncLoading:131072]]
[2019.08.13-23.55.42:907][  0]LogConfig: Setting CVar [[s.AsyncLoadingThreadEnabled:0]]
[2019.08.13-23.55.42:907][  0]LogConfig: Setting CVar [[s.EventDrivenLoaderEnabled:1]]
[2019.08.13-23.55.42:907][  0]LogConfig: Setting CVar [[s.WarnIfTimeLimitExceeded:0]]
[2019.08.13-23.55.42:907][  0]LogConfig: Setting CVar [[s.TimeLimitExceededMultiplier:1.5]]
[2019.08.13-23.55.42:908][  0]LogConfig: Setting CVar [[s.TimeLimitExceededMinTime:0.005]]
[2019.08.13-23.55.42:908][  0]LogConfig: Setting CVar [[s.UseBackgroundLevelStreaming:1]]
[2019.08.13-23.55.42:908][  0]LogConfig: Setting CVar [[s.PriorityAsyncLoadingExtraTime:15.0]]
[2019.08.13-23.55.42:908][  0]LogConfig: Setting CVar [[s.LevelStreamingActorsUpdateTimeLimit:5.0]]
[2019.08.13-23.55.42:908][  0]LogConfig: Setting CVar [[s.PriorityLevelStreamingActorsUpdateExtraTime:5.0]]
[2019.08.13-23.55.42:908][  0]LogConfig: Setting CVar [[s.LevelStreamingComponentsRegistrationGranularity:10]]
[2019.08.13-23.55.42:908][  0]LogConfig: Setting CVar [[s.UnregisterComponentsTimeLimit:1.0]]
[2019.08.13-23.55.42:908][  0]LogConfig: Setting CVar [[s.LevelStreamingComponentsUnregistrationGranularity:5]]
[2019.08.13-23.55.42:908][  0]LogConfig: Applying CVar settings from Section [/Script/Engine.GarbageCollectionSettings] File [C:/Users/JENote/Documents/GitHub/UnrealJam/CircoProj/Saved/Config/Windows/Engine.ini]
[2019.08.13-23.55.42:908][  0]LogConfig: Setting CVar [[gc.MaxObjectsNotConsideredByGC:1]]
[2019.08.13-23.55.42:908][  0]LogConfig: Setting CVar [[gc.SizeOfPermanentObjectPool:0]]
[2019.08.13-23.55.42:908][  0]LogConfig: Setting CVar [[gc.FlushStreamingOnGC:0]]
[2019.08.13-23.55.42:908][  0]LogConfig: Setting CVar [[gc.NumRetriesBeforeForcingGC:10]]
[2019.08.13-23.55.42:908][  0]LogConfig: Setting CVar [[gc.AllowParallelGC:1]]
[2019.08.13-23.55.42:908][  0]LogConfig: Setting CVar [[gc.TimeBetweenPurgingPendingKillObjects:61.1]]
[2019.08.13-23.55.42:908][  0]LogConfig: Setting CVar [[gc.MaxObjectsInEditor:16777216]]
[2019.08.13-23.55.42:908][  0]LogConfig: Setting CVar [[gc.IncrementalBeginDestroyEnabled:1]]
[2019.08.13-23.55.42:908][  0]LogConfig: Setting CVar [[gc.CreateGCClusters:1]]
[2019.08.13-23.55.42:908][  0]LogConfig: Setting CVar [[gc.MinGCClusterSize:5]]
[2019.08.13-23.55.42:908][  0]LogConfig: Setting CVar [[gc.ActorClusteringEnabled:0]]
[2019.08.13-23.55.42:908][  0]LogConfig: Setting CVar [[gc.BlueprintClusteringEnabled:0]]
[2019.08.13-23.55.42:908][  0]LogConfig: Setting CVar [[gc.UseDisregardForGCOnDedicatedServers:0]]
[2019.08.13-23.55.42:908][  0]LogConfig: Applying CVar settings from Section [/Script/Engine.NetworkSettings] File [C:/Users/JENote/Documents/GitHub/UnrealJam/CircoProj/Saved/Config/Windows/Engine.ini]
[2019.08.13-23.55.42:908][  0]LogConfig: Applying CVar settings from Section [/Script/UnrealEd.CookerSettings] File [C:/Users/JENote/Documents/GitHub/UnrealJam/CircoProj/Saved/Config/Windows/Engine.ini]
[2019.08.13-23.55.42:918][  0]LogConfig: Applying CVar settings from Section [ViewDistanceQuality@3] File [C:/Users/JENote/Documents/GitHub/UnrealJam/CircoProj/Saved/Config/Windows/Scalability.ini]
[2019.08.13-23.55.42:918][  0]LogConfig: Setting CVar [[r.SkeletalMeshLODBias:0]]
[2019.08.13-23.55.42:918][  0]LogConfig: Setting CVar [[r.ViewDistanceScale:1.0]]
[2019.08.13-23.55.42:918][  0]LogConfig: Applying CVar settings from Section [AntiAliasingQuality@3] File [C:/Users/JENote/Documents/GitHub/UnrealJam/CircoProj/Saved/Config/Windows/Scalability.ini]
[2019.08.13-23.55.42:918][  0]LogConfig: Setting CVar [[r.PostProcessAAQuality:4]]
[2019.08.13-23.55.42:918][  0]LogConfig: Applying CVar settings from Section [ShadowQuality@3] File [C:/Users/JENote/Documents/GitHub/UnrealJam/CircoProj/Saved/Config/Windows/Scalability.ini]
[2019.08.13-23.55.42:919][  0]LogConfig: Setting CVar [[r.LightFunctionQuality:1]]
[2019.08.13-23.55.42:919][  0]LogConfig: Setting CVar [[r.ShadowQuality:5]]
[2019.08.13-23.55.42:919][  0]LogConfig: Setting CVar [[r.Shadow.CSM.MaxCascades:10]]
[2019.08.13-23.55.42:919][  0]LogConfig: Setting CVar [[r.Shadow.MaxResolution:2048]]
[2019.08.13-23.55.42:919][  0]LogConfig: Setting CVar [[r.Shadow.MaxCSMResolution:2048]]
[2019.08.13-23.55.42:919][  0]LogConfig: Setting CVar [[r.Shadow.RadiusThreshold:0.01]]
[2019.08.13-23.55.42:919][  0]LogConfig: Setting CVar [[r.Shadow.DistanceScale:1.0]]
[2019.08.13-23.55.42:919][  0]LogConfig: Setting CVar [[r.Shadow.CSM.TransitionScale:1.0]]
[2019.08.13-23.55.42:919][  0]LogConfig: Setting CVar [[r.Shadow.PreShadowResolutionFactor:1.0]]
[2019.08.13-23.55.42:919][  0]LogConfig: Setting CVar [[r.DistanceFieldShadowing:1]]
[2019.08.13-23.55.42:919][  0]LogConfig: Setting CVar [[r.DistanceFieldAO:1]]
[2019.08.13-23.55.42:919][  0]LogConfig: Setting CVar [[r.AOQuality:2]]
[2019.08.13-23.55.42:919][  0]LogConfig: Setting CVar [[r.VolumetricFog:1]]
[2019.08.13-23.55.42:919][  0]LogConfig: Setting CVar [[r.VolumetricFog.GridPixelSize:8]]
[2019.08.13-23.55.42:919][  0]LogConfig: Setting CVar [[r.VolumetricFog.GridSizeZ:128]]
[2019.08.13-23.55.42:919][  0]LogConfig: Setting CVar [[r.VolumetricFog.HistoryMissSupersampleCount:4]]
[2019.08.13-23.55.42:919][  0]LogConfig: Setting CVar [[r.LightMaxDrawDistanceScale:1]]
[2019.08.13-23.55.42:919][  0]LogConfig: Setting CVar [[r.CapsuleShadows:1]]
[2019.08.13-23.55.42:919][  0]LogConfig: Applying CVar settings from Section [PostProcessQuality@3] File [C:/Users/JENote/Documents/GitHub/UnrealJam/CircoProj/Saved/Config/Windows/Scalability.ini]
[2019.08.13-23.55.42:919][  0]LogConfig: Setting CVar [[r.MotionBlurQuality:4]]
[2019.08.13-23.55.42:919][  0]LogConfig: Setting CVar [[r.AmbientOcclusionMipLevelFactor:0.4]]
[2019.08.13-23.55.42:919][  0]LogConfig: Setting CVar [[r.AmbientOcclusionMaxQuality:100]]
[2019.08.13-23.55.42:919][  0]LogConfig: Setting CVar [[r.AmbientOcclusionLevels:-1]]
[2019.08.13-23.55.42:919][  0]LogConfig: Setting CVar [[r.AmbientOcclusionRadiusScale:1.0]]
[2019.08.13-23.55.42:919][  0]LogConfig: Setting CVar [[r.DepthOfFieldQuality:2]]
[2019.08.13-23.55.42:919][  0]LogConfig: Setting CVar [[r.RenderTargetPoolMin:400]]
[2019.08.13-23.55.42:919][  0]LogConfig: Setting CVar [[r.LensFlareQuality:2]]
[2019.08.13-23.55.42:919][  0]LogConfig: Setting CVar [[r.SceneColorFringeQuality:1]]
[2019.08.13-23.55.42:919][  0]LogConfig: Setting CVar [[r.EyeAdaptationQuality:2]]
[2019.08.13-23.55.42:919][  0]LogConfig: Setting CVar [[r.BloomQuality:5]]
[2019.08.13-23.55.42:919][  0]LogConfig: Setting CVar [[r.FastBlurThreshold:100]]
[2019.08.13-23.55.42:919][  0]LogConfig: Setting CVar [[r.Upscale.Quality:3]]
[2019.08.13-23.55.42:919][  0]LogConfig: Setting CVar [[r.Tonemapper.GrainQuantization:1]]
[2019.08.13-23.55.42:919][  0]LogConfig: Setting CVar [[r.LightShaftQuality:1]]
[2019.08.13-23.55.42:919][  0]LogConfig: Setting CVar [[r.Filter.SizeScale:1]]
[2019.08.13-23.55.42:919][  0]LogConfig: Setting CVar [[r.Tonemapper.Quality:5]]
[2019.08.13-23.55.42:919][  0]LogConfig: Setting CVar [[r.DOF.Gather.AccumulatorQuality:1        ; higher gathering accumulator quality]]
[2019.08.13-23.55.42:919][  0]LogConfig: Setting CVar [[r.DOF.Gather.PostfilterMethod:1          ; Median3x3 postfilering method]]
[2019.08.13-23.55.42:919][  0]LogConfig: Setting CVar [[r.DOF.Gather.EnableBokehSettings:0       ; no bokeh simulation when gathering]]
[2019.08.13-23.55.42:920][  0]LogConfig: Setting CVar [[r.DOF.Gather.RingCount:4                 ; medium number of samples when gathering]]
[2019.08.13-23.55.42:920][  0]LogConfig: Setting CVar [[r.DOF.Scatter.ForegroundCompositing:1    ; additive foreground scattering]]
[2019.08.13-23.55.42:920][  0]LogConfig: Setting CVar [[r.DOF.Scatter.BackgroundCompositing:2    ; additive background scattering]]
[2019.08.13-23.55.42:920][  0]LogConfig: Setting CVar [[r.DOF.Scatter.EnableBokehSettings:1      ; bokeh simulation when scattering]]
[2019.08.13-23.55.42:920][  0]LogConfig: Setting CVar [[r.DOF.Scatter.MaxSpriteRatio:0.1         ; only a maximum of 10% of scattered bokeh]]
[2019.08.13-23.55.42:920][  0]LogConfig: Setting CVar [[r.DOF.Recombine.Quality:1                ; cheap slight out of focus]]
[2019.08.13-23.55.42:920][  0]LogConfig: Setting CVar [[r.DOF.Recombine.EnableBokehSettings:0    ; no bokeh simulation on slight out of focus]]
[2019.08.13-23.55.42:920][  0]LogConfig: Setting CVar [[r.DOF.TemporalAAQuality:1                ; more stable temporal accumulation]]
[2019.08.13-23.55.42:920][  0]LogConfig: Setting CVar [[r.DOF.Kernel.MaxForegroundRadius:0.025]]
[2019.08.13-23.55.42:920][  0]LogConfig: Setting CVar [[r.DOF.Kernel.MaxBackgroundRadius:0.025]]
[2019.08.13-23.55.42:920][  0]LogConfig: Applying CVar settings from Section [TextureQuality@3] File [C:/Users/JENote/Documents/GitHub/UnrealJam/CircoProj/Saved/Config/Windows/Scalability.ini]
[2019.08.13-23.55.42:920][  0]LogConfig: Setting CVar [[r.Streaming.MipBias:0]]
[2019.08.13-23.55.42:920][  0]LogConfig: Setting CVar [[r.Streaming.AmortizeCPUToGPUCopy:0]]
[2019.08.13-23.55.42:920][  0]LogConfig: Setting CVar [[r.Streaming.MaxNumTexturesToStreamPerFrame:0]]
[2019.08.13-23.55.42:920][  0]LogConfig: Setting CVar [[r.Streaming.Boost:1]]
[2019.08.13-23.55.42:920][  0]LogConfig: Setting CVar [[r.MaxAnisotropy:8]]
[2019.08.13-23.55.42:920][  0]LogConfig: Setting CVar [[r.Streaming.LimitPoolSizeToVRAM:0]]
[2019.08.13-23.55.42:920][  0]LogConfig: Setting CVar [[r.Streaming.PoolSize:1000]]
[2019.08.13-23.55.42:920][  0]LogConfig: Setting CVar [[r.Streaming.MaxEffectiveScreenSize:0]]
[2019.08.13-23.55.42:920][  0]LogConfig: Applying CVar settings from Section [EffectsQuality@3] File [C:/Users/JENote/Documents/GitHub/UnrealJam/CircoProj/Saved/Config/Windows/Scalability.ini]
[2019.08.13-23.55.42:920][  0]LogConfig: Setting CVar [[r.TranslucencyLightingVolumeDim:64]]
[2019.08.13-23.55.42:920][  0]LogConfig: Setting CVar [[r.RefractionQuality:2]]
[2019.08.13-23.55.42:920][  0]LogConfig: Setting CVar [[r.SSR.Quality:3]]
[2019.08.13-23.55.42:920][  0]LogConfig: Setting CVar [[r.SceneColorFormat:4]]
[2019.08.13-23.55.42:920][  0]LogConfig: Setting CVar [[r.DetailMode:2]]
[2019.08.13-23.55.42:920][  0]LogConfig: Setting CVar [[r.TranslucencyVolumeBlur:1]]
[2019.08.13-23.55.42:920][  0]LogConfig: Setting CVar [[r.MaterialQualityLevel:1 ; High quality]]
[2019.08.13-23.55.42:920][  0]LogConfig: Setting CVar [[r.SSS.Scale:1]]
[2019.08.13-23.55.42:920][  0]LogConfig: Setting CVar [[r.SSS.SampleSet:2]]
[2019.08.13-23.55.42:920][  0]LogConfig: Setting CVar [[r.SSS.Quality:1]]
[2019.08.13-23.55.42:920][  0]LogConfig: Setting CVar [[r.SSS.HalfRes:1]]
[2019.08.13-23.55.42:920][  0]LogConfig: Setting CVar [[r.EmitterSpawnRateScale:1.0]]
[2019.08.13-23.55.42:920][  0]LogConfig: Setting CVar [[r.ParticleLightQuality:2]]
[2019.08.13-23.55.42:920][  0]LogConfig: Applying CVar settings from Section [FoliageQuality@3] File [C:/Users/JENote/Documents/GitHub/UnrealJam/CircoProj/Saved/Config/Windows/Scalability.ini]
[2019.08.13-23.55.42:920][  0]LogConfig: Setting CVar [[foliage.DensityScale:1.0]]
[2019.08.13-23.55.42:920][  0]LogConfig: Setting CVar [[grass.DensityScale:1.0]]
[2019.08.13-23.55.42:920][  0]LogInit: Selected Device Profile: [Windows]
[2019.08.13-23.55.42:920][  0]LogInit: Applying CVar settings loaded from the selected device profile: [Windows]
[2019.08.13-23.55.42:962][  0]LogHAL: Display: Platform has ~ 8 GB [8464080896 / 8589934592 / 8], which maps to Default [LargestMinGB=32, LargerMinGB=12, DefaultMinGB=8, SmallerMinGB=6, SmallestMinGB=0)
[2019.08.13-23.55.42:962][  0]LogConfig: Setting CVar [[r.Vulkan.UseRealUBs:0		; Required until we fix HLR fall-out]]
[2019.08.13-23.55.42:962][  0]LogInit: Going up to parent DeviceProfile []
[2019.08.13-23.55.42:962][  0]LogConfig: Applying CVar settings from Section [ViewDistanceQuality@3] File [C:/Users/JENote/Documents/GitHub/UnrealJam/CircoProj/Saved/Config/Windows/Scalability.ini]
[2019.08.13-23.55.42:962][  0]LogConfig: Setting CVar [[r.SkeletalMeshLODBias:0]]
[2019.08.13-23.55.42:962][  0]LogConfig: Setting CVar [[r.ViewDistanceScale:1.0]]
[2019.08.13-23.55.42:962][  0]LogConfig: Applying CVar settings from Section [AntiAliasingQuality@3] File [C:/Users/JENote/Documents/GitHub/UnrealJam/CircoProj/Saved/Config/Windows/Scalability.ini]
[2019.08.13-23.55.42:962][  0]LogConfig: Setting CVar [[r.PostProcessAAQuality:4]]
[2019.08.13-23.55.42:963][  0]LogConfig: Applying CVar settings from Section [ShadowQuality@3] File [C:/Users/JENote/Documents/GitHub/UnrealJam/CircoProj/Saved/Config/Windows/Scalability.ini]
[2019.08.13-23.55.42:963][  0]LogConfig: Setting CVar [[r.LightFunctionQuality:1]]
[2019.08.13-23.55.42:963][  0]LogConfig: Setting CVar [[r.ShadowQuality:5]]
[2019.08.13-23.55.42:963][  0]LogConfig: Setting CVar [[r.Shadow.CSM.MaxCascades:10]]
[2019.08.13-23.55.42:963][  0]LogConfig: Setting CVar [[r.Shadow.MaxResolution:2048]]
[2019.08.13-23.55.42:963][  0]LogConfig: Setting CVar [[r.Shadow.MaxCSMResolution:2048]]
[2019.08.13-23.55.42:963][  0]LogConfig: Setting CVar [[r.Shadow.RadiusThreshold:0.01]]
[2019.08.13-23.55.42:963][  0]LogConfig: Setting CVar [[r.Shadow.DistanceScale:1.0]]
[2019.08.13-23.55.42:963][  0]LogConfig: Setting CVar [[r.Shadow.CSM.TransitionScale:1.0]]
[2019.08.13-23.55.42:963][  0]LogConfig: Setting CVar [[r.Shadow.PreShadowResolutionFactor:1.0]]
[2019.08.13-23.55.42:963][  0]LogConfig: Setting CVar [[r.DistanceFieldShadowing:1]]
[2019.08.13-23.55.42:963][  0]LogConfig: Setting CVar [[r.DistanceFieldAO:1]]
[2019.08.13-23.55.42:963][  0]LogConfig: Setting CVar [[r.AOQuality:2]]
[2019.08.13-23.55.42:963][  0]LogConfig: Setting CVar [[r.VolumetricFog:1]]
[2019.08.13-23.55.42:963][  0]LogConfig: Setting CVar [[r.VolumetricFog.GridPixelSize:8]]
[2019.08.13-23.55.42:963][  0]LogConfig: Setting CVar [[r.VolumetricFog.GridSizeZ:128]]
[2019.08.13-23.55.42:963][  0]LogConfig: Setting CVar [[r.VolumetricFog.HistoryMissSupersampleCount:4]]
[2019.08.13-23.55.42:964][  0]LogConfig: Setting CVar [[r.LightMaxDrawDistanceScale:1]]
[2019.08.13-23.55.42:964][  0]LogConfig: Setting CVar [[r.CapsuleShadows:1]]
[2019.08.13-23.55.42:964][  0]LogConfig: Applying CVar settings from Section [PostProcessQuality@3] File [C:/Users/JENote/Documents/GitHub/UnrealJam/CircoProj/Saved/Config/Windows/Scalability.ini]
[2019.08.13-23.55.42:964][  0]LogConfig: Setting CVar [[r.MotionBlurQuality:4]]
[2019.08.13-23.55.42:964][  0]LogConfig: Setting CVar [[r.AmbientOcclusionMipLevelFactor:0.4]]
[2019.08.13-23.55.42:964][  0]LogConfig: Setting CVar [[r.AmbientOcclusionMaxQuality:100]]
[2019.08.13-23.55.42:964][  0]LogConfig: Setting CVar [[r.AmbientOcclusionLevels:-1]]
[2019.08.13-23.55.42:964][  0]LogConfig: Setting CVar [[r.AmbientOcclusionRadiusScale:1.0]]
[2019.08.13-23.55.42:964][  0]LogConfig: Setting CVar [[r.DepthOfFieldQuality:2]]
[2019.08.13-23.55.42:964][  0]LogConfig: Setting CVar [[r.RenderTargetPoolMin:400]]
[2019.08.13-23.55.42:964][  0]LogConfig: Setting CVar [[r.LensFlareQuality:2]]
[2019.08.13-23.55.42:964][  0]LogConfig: Setting CVar [[r.SceneColorFringeQuality:1]]
[2019.08.13-23.55.42:964][  0]LogConfig: Setting CVar [[r.EyeAdaptationQuality:2]]
[2019.08.13-23.55.42:964][  0]LogConfig: Setting CVar [[r.BloomQuality:5]]
[2019.08.13-23.55.42:964][  0]LogConfig: Setting CVar [[r.FastBlurThreshold:100]]
[2019.08.13-23.55.42:964][  0]LogConfig: Setting CVar [[r.Upscale.Quality:3]]
[2019.08.13-23.55.42:964][  0]LogConfig: Setting CVar [[r.Tonemapper.GrainQuantization:1]]
[2019.08.13-23.55.42:964][  0]LogConfig: Setting CVar [[r.LightShaftQuality:1]]
[2019.08.13-23.55.42:964][  0]LogConfig: Setting CVar [[r.Filter.SizeScale:1]]
[2019.08.13-23.55.42:964][  0]LogConfig: Setting CVar [[r.Tonemapper.Quality:5]]
[2019.08.13-23.55.42:964][  0]LogConfig: Setting CVar [[r.DOF.Gather.AccumulatorQuality:1        ; higher gathering accumulator quality]]
[2019.08.13-23.55.42:964][  0]LogConfig: Setting CVar [[r.DOF.Gather.PostfilterMethod:1          ; Median3x3 postfilering method]]
[2019.08.13-23.55.42:964][  0]LogConfig: Setting CVar [[r.DOF.Gather.EnableBokehSettings:0       ; no bokeh simulation when gathering]]
[2019.08.13-23.55.42:964][  0]LogConfig: Setting CVar [[r.DOF.Gather.RingCount:4                 ; medium number of samples when gathering]]
[2019.08.13-23.55.42:964][  0]LogConfig: Setting CVar [[r.DOF.Scatter.ForegroundCompositing:1    ; additive foreground scattering]]
[2019.08.13-23.55.42:964][  0]LogConfig: Setting CVar [[r.DOF.Scatter.BackgroundCompositing:2    ; additive background scattering]]
[2019.08.13-23.55.42:964][  0]LogConfig: Setting CVar [[r.DOF.Scatter.EnableBokehSettings:1      ; bokeh simulation when scattering]]
[2019.08.13-23.55.42:964][  0]LogConfig: Setting CVar [[r.DOF.Scatter.MaxSpriteRatio:0.1         ; only a maximum of 10% of scattered bokeh]]
[2019.08.13-23.55.42:964][  0]LogConfig: Setting CVar [[r.DOF.Recombine.Quality:1                ; cheap slight out of focus]]
[2019.08.13-23.55.42:964][  0]LogConfig: Setting CVar [[r.DOF.Recombine.EnableBokehSettings:0    ; no bokeh simulation on slight out of focus]]
[2019.08.13-23.55.42:964][  0]LogConfig: Setting CVar [[r.DOF.TemporalAAQuality:1                ; more stable temporal accumulation]]
[2019.08.13-23.55.42:964][  0]LogConfig: Setting CVar [[r.DOF.Kernel.MaxForegroundRadius:0.025]]
[2019.08.13-23.55.42:964][  0]LogConfig: Setting CVar [[r.DOF.Kernel.MaxBackgroundRadius:0.025]]
[2019.08.13-23.55.42:965][  0]LogConfig: Applying CVar settings from Section [TextureQuality@3] File [C:/Users/JENote/Documents/GitHub/UnrealJam/CircoProj/Saved/Config/Windows/Scalability.ini]
[2019.08.13-23.55.42:965][  0]LogConfig: Setting CVar [[r.Streaming.MipBias:0]]
[2019.08.13-23.55.42:965][  0]LogConfig: Setting CVar [[r.Streaming.AmortizeCPUToGPUCopy:0]]
[2019.08.13-23.55.42:965][  0]LogConfig: Setting CVar [[r.Streaming.MaxNumTexturesToStreamPerFrame:0]]
[2019.08.13-23.55.42:965][  0]LogConfig: Setting CVar [[r.Streaming.Boost:1]]
[2019.08.13-23.55.42:965][  0]LogConfig: Setting CVar [[r.MaxAnisotropy:8]]
[2019.08.13-23.55.42:965][  0]LogConfig: Setting CVar [[r.Streaming.LimitPoolSizeToVRAM:0]]
[2019.08.13-23.55.42:965][  0]LogConfig: Setting CVar [[r.Streaming.PoolSize:1000]]
[2019.08.13-23.55.42:965][  0]LogConfig: Setting CVar [[r.Streaming.MaxEffectiveScreenSize:0]]
[2019.08.13-23.55.42:965][  0]LogConfig: Applying CVar settings from Section [EffectsQuality@3] File [C:/Users/JENote/Documents/GitHub/UnrealJam/CircoProj/Saved/Config/Windows/Scalability.ini]
[2019.08.13-23.55.42:965][  0]LogConfig: Setting CVar [[r.TranslucencyLightingVolumeDim:64]]
[2019.08.13-23.55.42:965][  0]LogConfig: Setting CVar [[r.RefractionQuality:2]]
[2019.08.13-23.55.42:965][  0]LogConfig: Setting CVar [[r.SSR.Quality:3]]
[2019.08.13-23.55.42:965][  0]LogConfig: Setting CVar [[r.SceneColorFormat:4]]
[2019.08.13-23.55.42:965][  0]LogConfig: Setting CVar [[r.DetailMode:2]]
[2019.08.13-23.55.42:965][  0]LogConfig: Setting CVar [[r.TranslucencyVolumeBlur:1]]
[2019.08.13-23.55.42:965][  0]LogConfig: Setting CVar [[r.MaterialQualityLevel:1 ; High quality]]
[2019.08.13-23.55.42:965][  0]LogConfig: Setting CVar [[r.SSS.Scale:1]]
[2019.08.13-23.55.42:965][  0]LogConfig: Setting CVar [[r.SSS.SampleSet:2]]
[2019.08.13-23.55.42:966][  0]LogConfig: Setting CVar [[r.SSS.Quality:1]]
[2019.08.13-23.55.42:966][  0]LogConfig: Setting CVar [[r.SSS.HalfRes:1]]
[2019.08.13-23.55.42:966][  0]LogConfig: Setting CVar [[r.EmitterSpawnRateScale:1.0]]
[2019.08.13-23.55.42:966][  0]LogConfig: Setting CVar [[r.ParticleLightQuality:2]]
[2019.08.13-23.55.42:966][  0]LogConfig: Applying CVar settings from Section [FoliageQuality@3] File [C:/Users/JENote/Documents/GitHub/UnrealJam/CircoProj/Saved/Config/Windows/Scalability.ini]
[2019.08.13-23.55.42:966][  0]LogConfig: Setting CVar [[foliage.DensityScale:1.0]]
[2019.08.13-23.55.42:966][  0]LogConfig: Setting CVar [[grass.DensityScale:1.0]]
[2019.08.13-23.55.42:966][  0]LogConfig: Applying CVar settings from Section [Startup] File [../../../Engine/Config/ConsoleVariables.ini]
[2019.08.13-23.55.42:967][  0]LogConfig: Setting CVar [[net.UseAdaptiveNetUpdateFrequency:0]]
[2019.08.13-23.55.42:967][  0]LogConfig: Setting CVar [[p.chaos.AllowCreatePhysxBodies:1]]
[2019.08.13-23.55.42:967][  0]LogConfig: Applying CVar settings from Section [ConsoleVariables] File [C:/Users/JENote/Documents/GitHub/UnrealJam/CircoProj/Saved/Config/Windows/Engine.ini]
[2019.08.13-23.55.42:967][  0]LogInit: Computer: DESKTOP-MA33KLI
[2019.08.13-23.55.42:967][  0]LogInit: User: LabFatec
[2019.08.13-23.55.42:967][  0]LogInit: CPU Page size=4096, Cores=2
[2019.08.13-23.55.42:967][  0]LogInit: High frequency timer resolution =2.533196 MHz
[2019.08.13-23.55.42:968][  0]LogMemory: Memory total: Physical=7.9GB (8GB approx)
[2019.08.13-23.55.42:968][  0]LogMemory: Platform Memory Stats for Windows
[2019.08.13-23.55.42:968][  0]LogMemory: Process Physical Memory: 97.89 MB used, 97.89 MB peak
[2019.08.13-23.55.42:968][  0]LogMemory: Process Virtual Memory: 90.17 MB used, 90.17 MB peak
[2019.08.13-23.55.42:968][  0]LogMemory: Physical Memory: 5062.55 MB used,  3009.43 MB free, 8071.98 MB total
[2019.08.13-23.55.42:968][  0]LogMemory: Virtual Memory: 4644.32 MB used,  134213080.00 MB free, 134217728.00 MB total
[2019.08.13-23.55.43:007][  0]LogInit: Overriding language with editor language configuration option (en).
[2019.08.13-23.55.43:007][  0]LogInit: Overriding locale with editor locale configuration option (en).
[2019.08.13-23.55.43:354][  0]LogInit: Setting process to per monitor DPI aware
[2019.08.13-23.55.43:429][  0]LogSlate: New Slate User Created.  User Index 0, Is Virtual User: 0
[2019.08.13-23.55.43:429][  0]LogSlate: Slate User Registered.  User Index 0, Is Virtual User: 0
[2019.08.13-23.55.43:836][  0]LogHMD: Failed to initialize OpenVR with code 110
[2019.08.13-23.55.43:836][  0]LogD3D11RHI: D3D11 adapters:
[2019.08.13-23.55.43:846][  0]LogD3D11RHI:    0. 'Intel(R) HD Graphics 5500' (Feature Level 11_0)
[2019.08.13-23.55.43:846][  0]LogD3D11RHI:       128/0/4035 MB DedicatedVideo/DedicatedSystem/SharedSystem, Outputs:2, VendorId:0x8086
[2019.08.13-23.55.43:850][  0]LogD3D11RHI:    1. 'Microsoft Basic Render Driver' (Feature Level 11_0)
[2019.08.13-23.55.43:850][  0]LogD3D11RHI:       0/0/4035 MB DedicatedVideo/DedicatedSystem/SharedSystem, Outputs:0, VendorId:0x1414
[2019.08.13-23.55.43:850][  0]LogD3D11RHI: Chosen D3D11 Adapter: 0
[2019.08.13-23.55.43:863][  0]LogD3D11RHI: Creating new Direct3DDevice
[2019.08.13-23.55.43:863][  0]LogD3D11RHI:     GPU DeviceId: 0x1616 (for the marketing name, search the web for "GPU Device Id")
[2019.08.13-23.55.43:863][  0]LogWindows: EnumDisplayDevices:
[2019.08.13-23.55.43:863][  0]LogWindows:    0. 'Intel(R) HD Graphics 5500' (P:1 D:1)
[2019.08.13-23.55.43:864][  0]LogWindows:    1. 'Intel(R) HD Graphics 5500' (P:0 D:1)
[2019.08.13-23.55.43:864][  0]LogWindows:    2. 'Intel(R) HD Graphics 5500' (P:0 D:0)
[2019.08.13-23.55.43:864][  0]LogWindows: DebugString: FoundDriverCount:3 
[2019.08.13-23.55.43:864][  0]LogD3D11RHI:     Adapter Name: Intel(R) HD Graphics 5500
[2019.08.13-23.55.43:865][  0]LogD3D11RHI:   Driver Version: 20.19.15.4835 (internal:20.19.15.4835, unified:20.19.15.4835)
[2019.08.13-23.55.43:865][  0]LogD3D11RHI:      Driver Date: 10-16-2017
[2019.08.13-23.55.43:865][  0]LogRHI: Texture pool is 1502 MB (70% of 2145 MB)
[2019.08.13-23.55.43:870][  0]LogD3D11RHI: Async texture creation enabled
[2019.08.13-23.55.43:876][  0]LogRendererCore: FGlobalReadBuffer::InitRHI
[2019.08.13-23.55.43:877][  0]LogRendererCore: FGlobalReadBuffer::InitRHI
[2019.08.13-23.55.43:877][  0]LogRendererCore: FGlobalReadBuffer::InitRHI
[2019.08.13-23.55.43:881][  0]LogD3D11RHI: GPU Timing Frequency: 12.500000 (Debug: 2 0)
[2019.08.13-23.55.44:419][  0]LogTemp: Display: Module 'AllDesktopTargetPlatform' loaded TargetPlatform 'AllDesktop'
[2019.08.13-23.55.44:443][  0]LogTemp: Display: Module 'MacClientTargetPlatform' loaded TargetPlatform 'MacClient'
[2019.08.13-23.55.44:466][  0]LogTemp: Display: Module 'MacNoEditorTargetPlatform' loaded TargetPlatform 'MacNoEditor'
[2019.08.13-23.55.44:504][  0]LogTemp: Display: Module 'MacServerTargetPlatform' loaded TargetPlatform 'MacServer'
[2019.08.13-23.55.44:541][  0]LogTemp: Display: Module 'MacTargetPlatform' loaded TargetPlatform 'Mac'
[2019.08.13-23.55.44:600][  0]LogTemp: Display: Module 'WindowsClientTargetPlatform' loaded TargetPlatform 'WindowsClient'
[2019.08.13-23.55.44:627][  0]LogTemp: Display: Module 'WindowsNoEditorTargetPlatform' loaded TargetPlatform 'WindowsNoEditor'
[2019.08.13-23.55.44:654][  0]LogTemp: Display: Module 'WindowsServerTargetPlatform' loaded TargetPlatform 'WindowsServer'
[2019.08.13-23.55.44:668][  0]LogTemp: Display: Module 'WindowsTargetPlatform' loaded TargetPlatform 'Windows'
[2019.08.13-23.55.44:830][  0]LogTemp: Display: Module 'AndroidTargetPlatform' loaded TargetPlatform 'Android'
[2019.08.13-23.55.44:830][  0]LogTemp: Display: Module 'AndroidTargetPlatform' loaded TargetPlatform 'Android_ASTC'
[2019.08.13-23.55.44:830][  0]LogTemp: Display: Module 'AndroidTargetPlatform' loaded TargetPlatform 'Android_ATC'
[2019.08.13-23.55.44:830][  0]LogTemp: Display: Module 'AndroidTargetPlatform' loaded TargetPlatform 'Android_DXT'
[2019.08.13-23.55.44:830][  0]LogTemp: Display: Module 'AndroidTargetPlatform' loaded TargetPlatform 'Android_ETC1'
[2019.08.13-23.55.44:830][  0]LogTemp: Display: Module 'AndroidTargetPlatform' loaded TargetPlatform 'Android_ETC1a'
[2019.08.13-23.55.44:830][  0]LogTemp: Display: Module 'AndroidTargetPlatform' loaded TargetPlatform 'Android_ETC2'
[2019.08.13-23.55.44:830][  0]LogTemp: Display: Module 'AndroidTargetPlatform' loaded TargetPlatform 'Android_PVRTC'
[2019.08.13-23.55.44:830][  0]LogTemp: Display: Module 'AndroidTargetPlatform' loaded TargetPlatform 'AndroidClient'
[2019.08.13-23.55.44:830][  0]LogTemp: Display: Module 'AndroidTargetPlatform' loaded TargetPlatform 'Android_ASTCClient'
[2019.08.13-23.55.44:830][  0]LogTemp: Display: Module 'AndroidTargetPlatform' loaded TargetPlatform 'Android_ATCClient'
[2019.08.13-23.55.44:830][  0]LogTemp: Display: Module 'AndroidTargetPlatform' loaded TargetPlatform 'Android_DXTClient'
[2019.08.13-23.55.44:830][  0]LogTemp: Display: Module 'AndroidTargetPlatform' loaded TargetPlatform 'Android_ETC1Client'
[2019.08.13-23.55.44:830][  0]LogTemp: Display: Module 'AndroidTargetPlatform' loaded TargetPlatform 'Android_ETC1aClient'
[2019.08.13-23.55.44:830][  0]LogTemp: Display: Module 'AndroidTargetPlatform' loaded TargetPlatform 'Android_ETC2Client'
[2019.08.13-23.55.44:830][  0]LogTemp: Display: Module 'AndroidTargetPlatform' loaded TargetPlatform 'Android_PVRTCClient'
[2019.08.13-23.55.44:830][  0]LogTemp: Display: Module 'AndroidTargetPlatform' loaded TargetPlatform 'Android_Multi'
[2019.08.13-23.55.44:830][  0]LogTemp: Display: Module 'AndroidTargetPlatform' loaded TargetPlatform 'Android_MultiClient'
[2019.08.13-23.55.44:834][  0]LogTemp: Display: Module 'HTML5TargetPlatform' loaded TargetPlatform 'HTML5'
[2019.08.13-23.55.44:915][  0]LogTemp: Display: Module 'IOSTargetPlatform' loaded TargetPlatform 'IOSClient'
[2019.08.13-23.55.44:915][  0]LogTemp: Display: Module 'IOSTargetPlatform' loaded TargetPlatform 'IOS'
[2019.08.13-23.55.44:964][  0]LogTemp: Display: Module 'TVOSTargetPlatform' loaded TargetPlatform 'TVOSClient'
[2019.08.13-23.55.44:964][  0]LogTemp: Display: Module 'TVOSTargetPlatform' loaded TargetPlatform 'TVOS'
[2019.08.13-23.55.44:997][  0]LogTemp: Display: Module 'LinuxClientTargetPlatform' loaded TargetPlatform 'LinuxClient'
[2019.08.13-23.55.45:040][  0]LogTemp: Display: Module 'LinuxNoEditorTargetPlatform' loaded TargetPlatform 'LinuxNoEditor'
[2019.08.13-23.55.45:062][  0]LogTemp: Display: Module 'LinuxServerTargetPlatform' loaded TargetPlatform 'LinuxServer'
[2019.08.13-23.55.45:083][  0]LogTemp: Display: Module 'LinuxTargetPlatform' loaded TargetPlatform 'Linux'
[2019.08.13-23.55.45:155][  0]LogTemp: Display: Module 'LuminTargetPlatform' loaded TargetPlatform 'Lumin'
[2019.08.13-23.55.45:155][  0]LogTemp: Display: Module 'LuminTargetPlatform' loaded TargetPlatform 'LuminClient'
[2019.08.13-23.55.45:155][  0]LogTargetPlatformManager: Display: Building Assets For Windows
[2019.08.13-23.55.45:175][  0]LogAudioDebug: Display: Lib vorbis DLL was dynamically loaded.
[2019.08.13-23.55.45:316][  0]LogShaderCompilers: Guid format shader working directory is -20 characters bigger than the processId version (../../../../../../Users/JENote/Documents/GitHub/UnrealJam/CircoProj/Intermediate/Shaders/WorkingDirectory/9968/).
[2019.08.13-23.55.45:316][  0]LogShaderCompilers: Cleaned the shader compiler working directory 'C:/Users/JENote/AppData/Local/Temp/UnrealShaderWorkingDir/1DA33F22423A7958018B60B7B4284B78/'.
[2019.08.13-23.55.45:323][  0]LogXGEController: Cannot use XGE Controller as Incredibuild is not installed on this machine.
[2019.08.13-23.55.45:324][  0]LogShaderCompilers: Cannot use XGE Shader Compiler as Incredibuild is not installed on this machine.
[2019.08.13-23.55.45:324][  0]LogShaderCompilers: Display: Using Local Shader Compiler.
[2019.08.13-23.55.46:239][  0]LogDerivedDataCache: Display: Max Cache Size: 512 MB
[2019.08.13-23.55.46:325][  0]LogDerivedDataCache: Loaded boot cache 0.09s 71MB C:/Users/JENote/AppData/Local/UnrealEngine/4.22/DerivedDataCache/Boot.ddc.
[2019.08.13-23.55.46:325][  0]LogDerivedDataCache: Display: Loaded Boot cache: C:/Users/JENote/AppData/Local/UnrealEngine/4.22/DerivedDataCache/Boot.ddc
[2019.08.13-23.55.46:325][  0]LogDerivedDataCache: FDerivedDataBackendGraph:  Pak pak cache file ../../../../../../Users/JENote/Documents/GitHub/UnrealJam/CircoProj/DerivedDataCache/DDC.ddp not found, will not use a pak cache.
[2019.08.13-23.55.46:325][  0]LogDerivedDataCache: Unable to find inner node Pak for hierarchical cache Hierarchy.
[2019.08.13-23.55.46:325][  0]LogDerivedDataCache: FDerivedDataBackendGraph:  CompressedPak pak cache file ../../../../../../Users/JENote/Documents/GitHub/UnrealJam/CircoProj/DerivedDataCache/Compressed.ddp not found, will not use a pak cache.
[2019.08.13-23.55.46:325][  0]LogDerivedDataCache: Unable to find inner node CompressedPak for hierarchical cache Hierarchy.
[2019.08.13-23.55.46:340][  0]LogDerivedDataCache: Display: Pak cache opened for reading ../../../Engine/DerivedDataCache/Compressed.ddp.
[2019.08.13-23.55.46:340][  0]LogDerivedDataCache: FDerivedDataBackendGraph:  EnterprisePak pak cache file ../../../Enterprise/DerivedDataCache/Compressed.ddp not found, will not use a pak cache.
[2019.08.13-23.55.46:340][  0]LogDerivedDataCache: Unable to find inner node EnterprisePak for hierarchical cache Hierarchy.
[2019.08.13-23.55.46:353][  0]LogDerivedDataCache: Using Local data cache path C:/Users/JENote/AppData/Local/UnrealEngine/Common/DerivedDataCache: Writable
[2019.08.13-23.55.46:353][  0]LogDerivedDataCache: Shared data cache path not found in *engine.ini, will not use an Shared cache.
[2019.08.13-23.55.46:353][  0]LogDerivedDataCache: Unable to find inner node Shared for hierarchical cache Hierarchy.
[2019.08.13-23.55.46:387][  0]LogMaterial: Verifying Global Shaders for PCD3D_SM5
[2019.08.13-23.55.46:389][  0]LogSlate: Using FreeType 2.6.0
[2019.08.13-23.55.46:390][  0]LogSlate: SlateFontServices - WITH_FREETYPE: 1, WITH_HARFBUZZ: 1
[2019.08.13-23.55.46:550][  0]LogAssetRegistry: FAssetRegistry took 0.0494 seconds to start up
[2019.08.13-23.55.47:302][  0]LogInit: Selected Device Profile: [Windows]
[2019.08.13-23.55.47:513][  0]LogMeshReduction: Using QuadricMeshReduction for automatic static mesh reduction
[2019.08.13-23.55.47:513][  0]LogMeshReduction: Using SimplygonMeshReduction for automatic skeletal mesh reduction
[2019.08.13-23.55.47:513][  0]LogMeshReduction: Using ProxyLODMeshReduction for automatic mesh merging
[2019.08.13-23.55.47:513][  0]LogMeshReduction: No distributed automatic mesh merging module available
[2019.08.13-23.55.47:513][  0]LogMeshMerging: No distributed automatic mesh merging module available
[2019.08.13-23.55.47:546][  0]LogNetVersion: CircoProj 1.0.0, NetCL: 5660361, EngineNetVer: 10, GameNetVer: 0 (Checksum: 875541996)
[2019.08.13-23.55.48:290][  0]LogPackageLocalizationCache: Processed 10 localized package path(s) for 1 prioritized culture(s) in 0.106210 seconds
[2019.08.13-23.55.48:312][  0]LogUObjectArray: 42205 objects as part of root set at end of initial load.
[2019.08.13-23.55.48:312][  0]LogUObjectAllocator: 7325032 out of 0 bytes used by permanent object pool.
[2019.08.13-23.55.48:312][  0]LogUObjectArray: CloseDisregardForGC: 0/0 objects in disregard for GC pool
[2019.08.13-23.55.50:564][  0]LogTcpMessaging: Initializing TcpMessaging bridge
[2019.08.13-23.55.50:580][  0]LogUdpMessaging: Initializing bridge on interface 0.0.0.0:0 to multicast group 230.0.0.1:6666.
[2019.08.13-23.55.50:751][  0]SourceControl: Source control is disabled
[2019.08.13-23.55.50:751][  0]SourceControl: Source control is disabled
[2019.08.13-23.55.50:754][  0]SourceControl: Source control is disabled
[2019.08.13-23.55.50:756][  0]SourceControl: Source control is disabled
[2019.08.13-23.55.50:903][  0]LogAndroidPermission: UAndroidPermissionCallbackProxy::GetInstance
[2019.08.13-23.55.51:102][  0]LogOcInput: OculusInput pre-init called
[2019.08.13-23.55.52:237][  0]LogEngine: Initializing Engine...
[2019.08.13-23.55.52:238][  0]LogHMD: Failed to initialize OpenVR with code 110
[2019.08.13-23.55.52:239][  0]LogStats: UGameplayTagsManager::InitializeManager -  0.000 s
[2019.08.13-23.55.52:580][  0]LogInit: Initializing FReadOnlyCVARCache
[2019.08.13-23.55.52:611][  0]LogAIModule: Creating AISystem for world Untitled
[2019.08.13-23.55.52:645][  0]LogInit: XAudio2 using 'Fones de ouvido / Alto falantes (Realtek Audio)' : 2 channels at 44.1 kHz using 16 bits per sample (channel mask 0x3)
[2019.08.13-23.55.53:162][  0]LogInit: FAudioDevice initialized.
[2019.08.13-23.55.53:162][  0]LogNetVersion: Set ProjectVersion to 1.0.0.0. Version Checksum will be recalculated on next use.
[2019.08.13-23.55.53:405][  0]LogDerivedDataCache: Saved boot cache 0.24s 71MB C:/Users/JENote/AppData/Local/UnrealEngine/4.22/DerivedDataCache/Boot.ddc.
[2019.08.13-23.55.53:428][  0]LogInit: Texture streaming: Enabled
[2019.08.13-23.55.53:463][  0]LogEngineSessionManager: EngineSessionManager initialized
[2019.08.13-23.55.53:507][  0]LogInit: Transaction tracking system initialized
[2019.08.13-23.55.53:559][  0]BlueprintLog: New page: Editor Load
[2019.08.13-23.55.53:753][  0]LocalizationService: Localization service is disabled
[2019.08.13-23.55.54:394][  0]LogCook: Display: Max memory allowance for cook 16384mb min free memory 0mb
[2019.08.13-23.55.54:394][  0]LogCook: Display: Mobile HDR setting 1
[2019.08.13-23.55.54:662][  0]LogFileCache: Scanning file cache for directory 'C:/Users/JENote/Documents/GitHub/UnrealJam/CircoProj/Content/' took 0.05s
[2019.08.13-23.55.54:814][  0]SourceControl: Source control is disabled
[2019.08.13-23.55.54:814][  0]Cmd: MAP LOAD FILE="../../../../../../Users/JENote/Documents/GitHub/UnrealJam/CircoProj/Content/StarterContent/Maps/Minimal_Default.umap" TEMPLATE=0 SHOWPROGRESS=1 FEATURELEVEL=3
[2019.08.13-23.55.54:815][  0]LightingResults: New page: Lighting Build
[2019.08.13-23.55.54:820][  0]MapCheck: New page: Map Check
[2019.08.13-23.55.54:820][  0]LightingResults: New page: Lighting Build
[2019.08.13-23.55.54:843][  0]LogUObjectHash: Compacting FUObjectHashTables data took   1.79ms
[2019.08.13-23.55.55:776][  0]LogLinker: Warning: Asset '../../../../../../Users/JENote/Documents/GitHub/UnrealJam/CircoProj/Content/Materials/PP_Outliner_M.uasset' has been saved with empty engine version. The asset will be loaded but may be incompatible.
[2019.08.13-23.55.55:784][  0]LogLinker: Warning: Asset '../../../../../../Users/JENote/Documents/GitHub/UnrealJam/CircoProj/Content/Materials/MF_ConvolveTexture.uasset' has been saved with empty engine version. The asset will be loaded but may be incompatible.
[2019.08.13-23.55.55:792][  0]LogLinker: Warning: Asset '../../../../../../Users/JENote/Documents/GitHub/UnrealJam/CircoProj/Content/Materials/MF_ExtractDepth.uasset' has been saved with empty engine version. The asset will be loaded but may be incompatible.
[2019.08.13-23.55.55:803][  0]LogLinker: Warning: Asset '../../../../../../Users/JENote/Documents/GitHub/UnrealJam/CircoProj/Content/Materials/MF_SampleSceneTextureNeighbourUVs.uasset' has been saved with empty engine version. The asset will be loaded but may be incompatible.
[2019.08.13-23.55.56:448][  0]LogStaticMesh: Building static mesh Buzina...
[2019.08.13-23.55.56:477][  0]LogStaticMesh: Built static mesh [0.03s] /Game/Assets/CenarioNovo/Palhaços/Buzina.Buzina
[2019.08.13-23.55.56:481][  0]LogStaticMesh: Building static mesh Bola...
[2019.08.13-23.55.56:499][  0]LogStaticMesh: Built static mesh [0.02s] /Game/Assets/CenarioNovo/Palhaços/Bola.Bola
[2019.08.13-23.55.56:502][  0]LogStaticMesh: Building static mesh Bambole...
[2019.08.13-23.55.56:519][  0]LogStaticMesh: Built static mesh [0.02s] /Game/Assets/CenarioNovo/Palhaços/Bambole.Bambole
[2019.08.13-23.55.56:520][  0]LogStaticMesh: Building static mesh Uniciclo_initialShadingGroup_Mesh...
[2019.08.13-23.55.56:601][  0]LogStaticMesh: Built static mesh [0.08s] /Game/Assets/CenarioNovo/Palhaços/Uniciclo_initialShadingGroup_Mesh.Uniciclo_initialShadingGroup_Mesh
[2019.08.13-23.55.56:610][  0]LogStaticMesh: Building static mesh Mazza...
[2019.08.13-23.55.56:627][  0]LogStaticMesh: Built static mesh [0.02s] /Game/Assets/CenarioNovo/Malabaristas/Mazza.Mazza
[2019.08.13-23.55.56:629][  0]LogStaticMesh: Building static mesh Baqueta...
[2019.08.13-23.55.56:632][  0]LogStaticMesh: Built static mesh [0.00s] /Game/Assets/CenarioNovo/Malabaristas/Baqueta.Baqueta
[2019.08.13-23.55.56:634][  0]LogStaticMesh: Building static mesh Vassoura_initialShadingGroup_Mesh...
[2019.08.13-23.55.56:652][  0]LogStaticMesh: Built static mesh [0.02s] /Game/Assets/CenarioNovo/Malabaristas/Vassoura_initialShadingGroup_Mesh.Vassoura_initialShadingGroup_Mesh
[2019.08.13-23.55.56:654][  0]LogStaticMesh: Building static mesh Violão_initialShadingGroup_Mesh...
[2019.08.13-23.55.56:740][  0]LogStaticMesh: Built static mesh [0.09s] /Game/Assets/CenarioNovo/Malabaristas/Violão_initialShadingGroup_Mesh.Violão_initialShadingGroup_Mesh
[2019.08.13-23.55.56:802][  0]LogStaticMesh: Building static mesh Salto_initialShadingGroup_Mesh...
[2019.08.13-23.55.56:816][  0]LogStaticMesh: Built static mesh [0.07s] /Game/Assets/CenarioNovo/Magicos/Salto_initialShadingGroup_Mesh.Salto_initialShadingGroup_Mesh
[2019.08.13-23.55.56:818][  0]LogStaticMesh: Building static mesh Coelho...
[2019.08.13-23.55.56:906][  0]LogStaticMesh: Built static mesh [0.09s] /Game/Assets/CenarioNovo/Magicos/Coelho.Coelho
[2019.08.13-23.55.56:915][  0]LogStaticMesh: Building static mesh Capeu...
[2019.08.13-23.55.56:941][  0]LogStaticMesh: Built static mesh [0.03s] /Game/Assets/CenarioNovo/Magicos/Capeu.Capeu
[2019.08.13-23.55.56:943][  0]LogStaticMesh: Building static mesh Garrafa...
[2019.08.13-23.55.56:968][  0]LogStaticMesh: Built static mesh [0.03s] /Game/Assets/CenarioNovo/Magicos/Garrafa.Garrafa
[2019.08.13-23.55.56:970][  0]LogStaticMesh: Building static mesh Baralho...
[2019.08.13-23.55.56:973][  0]LogStaticMesh: Built static mesh [0.00s] /Game/Assets/CenarioNovo/Magicos/Baralho.Baralho
[2019.08.13-23.55.56:974][  0]LogStaticMesh: Building static mesh Flor...
[2019.08.13-23.55.57:025][  0]LogStaticMesh: Built static mesh [0.05s] /Game/Assets/CenarioNovo/Palhaços/Flor.Flor
[2019.08.13-23.55.57:030][  0]LogStaticMesh: Building static mesh Cadeira...
[2019.08.13-23.55.57:074][  0]LogStaticMesh: Built static mesh [0.04s] /Game/Assets/CenarioNovo/Palhaços/Cadeira.Cadeira
[2019.08.13-23.55.57:823][  0]LogAIModule: Creating AISystem for world Minimal_Default
[2019.08.13-23.55.57:836][  0]PIE: Warning: Trying to simulate physics on ''/Game/StarterContent/Maps/Minimal_Default.Minimal_Default:PersistentLevel.Paredes1_initialShadingGroup_Mesh_4.StaticMeshComponent0'' but it has ComplexAsSimple collision.
[2019.08.13-23.55.57:856][  0]LogEditorServer: Finished looking for orphan Actors (0.000 secs)
[2019.08.13-23.55.57:936][  0]LogUObjectHash: Compacting FUObjectHashTables data took   3.56ms
[2019.08.13-23.55.57:936][  0]Cmd: MAP CHECKDEP NOCLEARLOG
[2019.08.13-23.55.57:937][  0]MapCheck: Map check complete: 0 Error(s), 0 Warning(s), took 0.27ms to complete.
[2019.08.13-23.55.57:937][  0]LogFileHelpers: Loading map 'Minimal_Default' took 3.123
[2019.08.13-23.55.58:129][  0]LogSlate: Updating window title bar state: overlay mode, drag disabled, window buttons hidden, title bar hidden
[2019.08.13-23.55.58:141][  0]LogSlate: Updating window title bar state: overlay mode, drag disabled, window buttons hidden, title bar hidden
[2019.08.13-23.55.58:155][  0]LogSlate: Updating window title bar state: overlay mode, drag disabled, window buttons hidden, title bar hidden
[2019.08.13-23.55.58:169][  0]LogSlate: Updating window title bar state: overlay mode, drag disabled, window buttons hidden, title bar hidden
[2019.08.13-23.55.58:182][  0]LogCollectionManager: Loaded 0 collections in 0.004606 seconds
[2019.08.13-23.55.58:207][  0]LogFileCache: Scanning file cache for directory 'C:/Users/JENote/Documents/GitHub/UnrealJam/CircoProj/Saved/Collections/' took 0.01s
[2019.08.13-23.55.58:207][  0]LogFileCache: Scanning file cache for directory 'C:/Users/JENote/Documents/GitHub/UnrealJam/CircoProj/Content/Developers/LabFatec/Collections/' took 0.00s
[2019.08.13-23.55.58:207][  0]LogFileCache: Scanning file cache for directory 'C:/Users/JENote/Documents/GitHub/UnrealJam/CircoProj/Content/Collections/' took 0.00s
[2019.08.13-23.55.58:207][  0]LogCollectionManager: Rebuilt the GUID cache for 0 collections in 0.000000 seconds
[2019.08.13-23.55.58:237][  0]LogContentBrowser: Native class hierarchy populated in 0.0298 seconds. Added 2732 classes and 659 folders.
[2019.08.13-23.55.58:252][  0]LogContentBrowser: Native class hierarchy updated for 'WidgetCarousel' in 0.0003 seconds. Added 0 classes and 0 folders.
[2019.08.13-23.55.58:254][  0]LogPakFile: Registered encryption key '00000000000000000000000000000000': 0 pak files mounted, 0 remain pending
[2019.08.13-23.55.58:255][  0]LogPakFile: Registered encryption key '00000000000000000000000000000000': 0 pak files mounted, 0 remain pending
[2019.08.13-23.55.58:256][  0]LogPakFile: Registered encryption key '00000000000000000000000000000000': 0 pak files mounted, 0 remain pending
[2019.08.13-23.55.58:256][  0]LogPakFile: Registered encryption key '00000000000000000000000000000000': 0 pak files mounted, 0 remain pending
[2019.08.13-23.55.58:257][  0]LogPakFile: Registered encryption key '00000000000000000000000000000000': 0 pak files mounted, 0 remain pending
[2019.08.13-23.55.58:257][  0]LogPakFile: Registered encryption key '00000000000000000000000000000000': 0 pak files mounted, 0 remain pending
[2019.08.13-23.55.58:258][  0]LogPakFile: Registered encryption key '00000000000000000000000000000000': 0 pak files mounted, 0 remain pending
[2019.08.13-23.55.58:258][  0]LogPakFile: Registered encryption key '00000000000000000000000000000000': 0 pak files mounted, 0 remain pending
[2019.08.13-23.55.58:259][  0]LogPakFile: Registered encryption key '00000000000000000000000000000000': 0 pak files mounted, 0 remain pending
[2019.08.13-23.55.58:260][  0]LogPakFile: Registered encryption key '00000000000000000000000000000000': 0 pak files mounted, 0 remain pending
[2019.08.13-23.55.58:261][  0]LogPakFile: Registered encryption key '00000000000000000000000000000000': 0 pak files mounted, 0 remain pending
[2019.08.13-23.55.58:262][  0]LogPakFile: Registered encryption key '00000000000000000000000000000000': 0 pak files mounted, 0 remain pending
[2019.08.13-23.55.58:263][  0]LogPakFile: Registered encryption key '00000000000000000000000000000000': 0 pak files mounted, 0 remain pending
[2019.08.13-23.55.58:264][  0]LogPakFile: Registered encryption key '00000000000000000000000000000000': 0 pak files mounted, 0 remain pending
[2019.08.13-23.55.58:265][  0]LogPakFile: Registered encryption key '00000000000000000000000000000000': 0 pak files mounted, 0 remain pending
[2019.08.13-23.55.58:267][  0]LogPakFile: Registered encryption key '00000000000000000000000000000000': 0 pak files mounted, 0 remain pending
[2019.08.13-23.55.58:268][  0]LogPakFile: Registered encryption key '00000000000000000000000000000000': 0 pak files mounted, 0 remain pending
[2019.08.13-23.55.58:269][  0]LogPakFile: Registered encryption key '00000000000000000000000000000000': 0 pak files mounted, 0 remain pending
[2019.08.13-23.55.58:270][  0]LogPakFile: Registered encryption key '00000000000000000000000000000000': 0 pak files mounted, 0 remain pending
[2019.08.13-23.55.58:270][  0]LogPakFile: Registered encryption key '00000000000000000000000000000000': 0 pak files mounted, 0 remain pending
[2019.08.13-23.55.58:271][  0]LogPakFile: Registered encryption key '00000000000000000000000000000000': 0 pak files mounted, 0 remain pending
[2019.08.13-23.55.58:272][  0]LogPakFile: Registered encryption key '00000000000000000000000000000000': 0 pak files mounted, 0 remain pending
[2019.08.13-23.55.58:273][  0]LogPakFile: Registered encryption key '00000000000000000000000000000000': 0 pak files mounted, 0 remain pending
[2019.08.13-23.55.58:274][  0]LogPakFile: Registered encryption key '00000000000000000000000000000000': 0 pak files mounted, 0 remain pending
[2019.08.13-23.55.58:275][  0]LogPakFile: Registered encryption key '00000000000000000000000000000000': 0 pak files mounted, 0 remain pending
[2019.08.13-23.55.58:276][  0]LogPakFile: Registered encryption key '00000000000000000000000000000000': 0 pak files mounted, 0 remain pending
[2019.08.13-23.55.58:344][  0]LogContentBrowser: Native class hierarchy updated for 'AddContentDialog' in 0.0004 seconds. Added 0 classes and 0 folders.
[2019.08.13-23.55.58:357][  0]LogContentBrowser: Native class hierarchy updated for 'SceneOutliner' in 0.0005 seconds. Added 1 classes and 2 folders.
[2019.08.13-23.55.58:393][  0]LogSlate: Took 0.000229 seconds to synchronously load lazily loaded font '../../../Engine/Content/Slate/Fonts/Roboto-Regular.ttf' (155K)
[2019.08.13-23.55.58:396][  0]LogSlate: Took 0.000251 seconds to synchronously load lazily loaded font '../../../Engine/Content/Slate/Fonts/Roboto-Bold.ttf' (160K)
[2019.08.13-23.55.58:407][  0]LogSlate: Took 0.000644 seconds to synchronously load lazily loaded font '../../../Engine/Content/Editor/Slate/Fonts/FontAwesome.ttf' (139K)
[2019.08.13-23.55.58:555][  0]LogRenderer: Reallocating scene render targets to support 944x500 Format 10 NumSamples 1 (Frame:1).
[2019.08.13-23.55.59:243][  0]LogContentBrowser: Native class hierarchy updated for 'HierarchicalLODOutliner' in 0.0003 seconds. Added 0 classes and 0 folders.
[2019.08.13-23.55.59:243][  0]LogLoad: (Engine Initialization) Total time: 19.55 seconds
[2019.08.13-23.55.59:243][  0]LogLoad: (Engine Initialization) Total Blueprint compile time: 0.00 seconds
[2019.08.13-23.55.59:262][  0]LogWindowsTextInputMethodSystem: Display: IME system now deactivated.
[2019.08.13-23.55.59:349][  0]LogAssetRegistry: Asset discovery search completed in 12.8225 seconds
[2019.08.13-23.55.59:354][  0]LogCollectionManager: Rebuilt the object cache for 0 collections in 0.000000 seconds (found 0 objects)
[2019.08.13-23.55.59:354][  0]LogCollectionManager: Fixed up redirectors for 0 collections in 0.000085 seconds (updated 0 objects)
[2019.08.13-23.55.59:356][  0]LogContentStreaming: Texture pool size now 1000 MB
[2019.08.13-23.55.59:394][  0]LogSlate: Took 0.000304 seconds to synchronously load lazily loaded font '../../../Engine/Content/Slate/Fonts/Roboto-Light.ttf' (167K)
[2019.08.13-23.56.00:401][  7]LogSlate: Took 0.000297 seconds to synchronously load lazily loaded font '../../../Engine/Content/Slate/Fonts/Roboto-Light.ttf' (167K)
[2019.08.13-23.56.04:460][109]LogFileCache: Retrieving MD5 hashes for directory 'C:/Users/JENote/Documents/GitHub/UnrealJam/CircoProj/Content/' took 5.18s
[2019.08.13-23.56.30:464][606]LogSlate: FSceneViewport::OnFocusLost() reason 0
[2019.08.13-23.56.30:538][607]LogSlate: Window 'Message Log' being destroyed
[2019.08.13-23.56.30:581][607]LogSlate: Window 'Message Log' being destroyed
[2019.08.13-23.56.31:566][625]LogSlate: FSceneViewport::OnFocusLost() reason 0
[2019.08.13-23.56.31:566][625]LogTemp: Repeating last play command: New Editor Window (PIE)
[2019.08.13-23.56.31:661][625]LogBlueprintUserMessages: Early PlayInEditor Detection: Level '/Game/StarterContent/Maps/Minimal_Default.Minimal_Default:PersistentLevel' has LevelScriptBlueprint '/Game/StarterContent/Maps/Minimal_Default.Minimal_Default:PersistentLevel.Minimal_Default' with GeneratedClass '/Game/StarterContent/Maps/Minimal_Default.Minimal_Default_C' with ClassGeneratedBy '/Game/StarterContent/Maps/Minimal_Default.Minimal_Default:PersistentLevel.Minimal_Default'
[2019.08.13-23.56.31:662][625]LogPlayLevel: PlayLevel: No blueprints needed recompiling
[2019.08.13-23.56.31:666][625]PIE: New page: PIE session: Minimal_Default (Aug 13, 2019, 5:56:31 PM)
[2019.08.13-23.56.31:680][625]LogPlayLevel: Creating play world package: /Game/StarterContent/Maps/UEDPIE_0_Minimal_Default
[2019.08.13-23.56.31:719][625]LogPlayLevel: PIE: StaticDuplicateObject took: (0.037998s)
[2019.08.13-23.56.31:719][625]LogAIModule: Creating AISystem for world Minimal_Default
[2019.08.13-23.56.31:719][625]LogPlayLevel: PIE: World Init took: (0.000816s)
[2019.08.13-23.56.31:720][625]LogPlayLevel: PIE: Created PIE world by copying editor world from /Game/StarterContent/Maps/Minimal_Default.Minimal_Default to /Game/StarterContent/Maps/UEDPIE_0_Minimal_Default.Minimal_Default (0.039526s)
[2019.08.13-23.56.31:748][625]LogUObjectHash: Compacting FUObjectHashTables data took   1.42ms
[2019.08.13-23.56.31:770][625]LogInit: XAudio2 using 'Fones de ouvido / Alto falantes (Realtek Audio)' : 2 channels at 44.1 kHz using 16 bits per sample (channel mask 0x3)
[2019.08.13-23.56.31:853][625]LogInit: FAudioDevice initialized.
[2019.08.13-23.56.31:865][625]LogSlate: Updating window title bar state: overlay mode, drag disabled, window buttons hidden, title bar hidden
[2019.08.13-23.56.31:914][625]LogLoad: Game class is 'GamemodeReal_C'
[2019.08.13-23.56.31:921][625]PIE: Warning: Trying to simulate physics on ''/Game/StarterContent/Maps/UEDPIE_0_Minimal_Default.Minimal_Default:PersistentLevel.Paredes1_initialShadingGroup_Mesh_4.StaticMeshComponent0'' but it has ComplexAsSimple collision.
[2019.08.13-23.56.31:926][625]LogWorld: Bringing World /Game/StarterContent/Maps/UEDPIE_0_Minimal_Default.Minimal_Default up for play (max tick rate 60) at 2019.08.13-20.56.31
[2019.08.13-23.56.31:928][625]LogWorld: Bringing up level for play took: 0.011395
[2019.08.13-23.56.31:956][625]LogContentBrowser: Native class hierarchy updated for 'MovieSceneCapture' in 0.0004 seconds. Added 20 classes and 0 folders.
[2019.08.13-23.56.31:957][625]LogGameMode: Display: Match State Changed from EnteringMap to WaitingToStart
[2019.08.13-23.56.31:957][625]LogGameState: Match State Changed from EnteringMap to WaitingToStart
[2019.08.13-23.56.31:957][625]LogGameMode: Display: Match State Changed from WaitingToStart to InProgress
[2019.08.13-23.56.31:961][625]LogGameState: Match State Changed from WaitingToStart to InProgress
[2019.08.13-23.56.31:965][625]PIE: Play in editor start time for /Game/StarterContent/Maps/UEDPIE_0_Minimal_Default -0.035
[2019.08.13-23.56.31:966][625]LogBlueprintUserMessages: Late PlayInEditor Detection: Level '/Game/StarterContent/Maps/Minimal_Default.Minimal_Default:PersistentLevel' has LevelScriptBlueprint '/Game/StarterContent/Maps/Minimal_Default.Minimal_Default:PersistentLevel.Minimal_Default' with GeneratedClass '/Game/StarterContent/Maps/Minimal_Default.Minimal_Default_C' with ClassGeneratedBy '/Game/StarterContent/Maps/Minimal_Default.Minimal_Default:PersistentLevel.Minimal_Default'
[2019.08.13-23.56.31:991][626]LogRenderer: Reallocating scene render targets to support 1272x688 Format 10 NumSamples 1 (Frame:1).
[2019.08.13-23.56.51:920][947]LogCharacterMovement: Carinha_C_0 is stuck and failed to move! Velocity: X=377.97 Y=99.64 Z=0.00 Location: X=913.75 Y=967.68 Z=105.48 Normal: X=0.18 Y=0.98 Z=-0.00 PenetrationDepth:3.499 Actor:Livro2 Component:StaticMeshComponent0 BoneName:None (0 other events since notify)
[2019.08.13-23.57.01:300][ 98]LogBlueprintUserMessages: Early EndPlayMap Detection: Level '/Game/StarterContent/Maps/Minimal_Default.Minimal_Default:PersistentLevel' has LevelScriptBlueprint '/Game/StarterContent/Maps/Minimal_Default.Minimal_Default:PersistentLevel.Minimal_Default' with GeneratedClass '/Game/StarterContent/Maps/Minimal_Default.Minimal_Default_C' with ClassGeneratedBy '/Game/StarterContent/Maps/Minimal_Default.Minimal_Default:PersistentLevel.Minimal_Default'
[2019.08.13-23.57.01:301][ 98]LogSlate: Updating window title bar state: overlay mode, drag disabled, window buttons hidden, title bar hidden
[2019.08.13-23.57.01:406][ 98]LogSlate: Window 'CircoProj Game Preview Standalone (64-bit/PCD3D_SM5)' being destroyed
[2019.08.13-23.57.01:463][ 98]LogPlayLevel: Display: Shutting down PIE online subsystems
[2019.08.13-23.57.01:464][ 98]LogBlueprintUserMessages: Late EndPlayMap Detection: Level '/Game/StarterContent/Maps/Minimal_Default.Minimal_Default:PersistentLevel' has LevelScriptBlueprint '/Game/StarterContent/Maps/Minimal_Default.Minimal_Default:PersistentLevel.Minimal_Default' with GeneratedClass '/Game/StarterContent/Maps/Minimal_Default.Minimal_Default_C' with ClassGeneratedBy '/Game/StarterContent/Maps/Minimal_Default.Minimal_Default:PersistentLevel.Minimal_Default'
[2019.08.13-23.57.01:534][ 98]LogUObjectHash: Compacting FUObjectHashTables data took   4.34ms
[2019.08.13-23.57.01:634][ 99]LogPlayLevel: Display: Destroying online subsystem :Context_2
[2019.08.14-00.03.43:544][384]LogDirectoryWatcher: A directory notification failed for 'C:/Users/JENote/Documents/GitHub/UnrealJam/CircoProj/Content/Collections/' because it could not be accessed. Aborting watch request...
[2019.08.14-00.03.43:545][384]LogDirectoryWatcher: A directory notification failed for 'C:/Users/JENote/Documents/GitHub/UnrealJam/CircoProj/Content/Developers/LabFatec/Collections/' because it could not be accessed. Aborting watch request...
[2019.08.14-00.03.43:545][384]LogDirectoryWatcher: A directory notification failed for 'C:/Users/JENote/Documents/GitHub/UnrealJam/CircoProj/Saved/Collections/' because it could not be accessed. Aborting watch request...
