"C:/Unreal/UnrealJam/CircoProj/Content/Assets/Drag.uasset" 0
"C:/Unreal/UnrealJam/CircoProj/Content/Assets/drag_and_interact.uasset" 1
"C:/Unreal/UnrealJam/CircoProj/Content/Assets/drag_drop_interact_hud.uasset" 2
"C:/Unreal/UnrealJam/CircoProj/Content/Assets/drop_throw.uasset" 3
"C:/Unreal/UnrealJam/CircoProj/Content/Assets/E_to_interact.uasset" 4
"C:/Unreal/UnrealJam/CircoProj/Content/Assets/interact.uasset" 5
"C:/Unreal/UnrealJam/CircoProj/Content/Blueprints/FirstPersonHUD.uasset" 6
"C:/Unreal/UnrealJam/CircoProj/Content/Sounds/Locutor/Fail.uasset" 7
"C:/Unreal/UnrealJam/CircoProj/Content/Sounds/Locutor/Fail_Cue.uasset" 8
"C:/Unreal/UnrealJam/CircoProj/Content/Sounds/Locutor/Fala02.uasset" 9
"C:/Unreal/UnrealJam/CircoProj/Content/Sounds/Locutor/Next.uasset" 10
"C:/Unreal/UnrealJam/CircoProj/Content/Sounds/Locutor/5_Sec_Crowd_Cheer-Mike_Koenig-1562033255.uasset" 11
"C:/Unreal/UnrealJam/CircoProj/Content/Sounds/Locutor/plateia.uasset" 12
"C:/Unreal/UnrealJam/CircoProj/Content/StarterContent/Architecture/Pillar_50x500.uasset" 13
"C:/Unreal/UnrealJam/CircoProj/Content/StarterContent/Architecture/SM_AssetPlatform.uasset" 14
"C:/Unreal/UnrealJam/CircoProj/Content/StarterContent/Architecture/Wall_400x200.uasset" 15
"C:/Unreal/UnrealJam/CircoProj/Content/StarterContent/Architecture/Wall_400x300.uasset" 16
"C:/Unreal/UnrealJam/CircoProj/Content/StarterContent/Architecture/Wall_400x400.uasset" 17
"C:/Unreal/UnrealJam/CircoProj/Content/StarterContent/Architecture/Wall_500x500.uasset" 18
"C:/Unreal/UnrealJam/CircoProj/Content/StarterContent/Architecture/Wall_Door_400x300.uasset" 19
"C:/Unreal/UnrealJam/CircoProj/Content/StarterContent/Architecture/Wall_Door_400x400.uasset" 20
"C:/Unreal/UnrealJam/CircoProj/Content/StarterContent/Architecture/Wall_Window_400x300.uasset" 21
"C:/Unreal/UnrealJam/CircoProj/Content/StarterContent/Architecture/Wall_Window_400x400.uasset" 22
"../../../Engine/Content/Animation/DefaultAnimCurveCompressionSettings.uasset" 23
"../../../Engine/Content/Functions/Engine_MaterialFunctions01/Opacity/CameraDepthFade.uasset" 24
"../../../Engine/Content/EngineMaterials/T_Default_Material_Grid_M.uasset" 25
"../../../Engine/Content/EngineMaterials/T_Default_Material_Grid_N.uasset" 26
"../../../Engine/Content/EngineMaterials/WorldGridMaterial.uasset" 27
"../../../Engine/Content/ArtTools/RenderToTexture/Meshes/S_1_Unit_Plane.uasset" 28
"../../../Engine/Content/EngineMaterials/DefaultMaterial.uasset" 29
"../../../Engine/Content/BasicShapes/Cylinder.uasset" 30
"../../../Engine/Content/BasicShapes/Plane.uasset" 31
"../../../Engine/Content/BasicShapes/Sphere.uasset" 32
"../../../Engine/Content/EditorLandscapeResources/DataLayer.uasset" 33
"../../../Engine/Content/EditorMaterials/GizmoMaterial.uasset" 34
"../../../Engine/Content/EditorMaterials/MAT_Groups_Toggle.uasset" 35
"../../../Engine/Content/EditorMaterials/MAT_Groups_Visibility.uasset" 36
"../../../Engine/Content/EditorMaterials/PreviewShadowIndicator.uasset" 37
"../../../Engine/Content/EditorMaterials/PreviewShadowIndicatorMaterial.uasset" 38
"../../../Engine/Content/EditorMaterials/MatineeGroups/MAT_ColorTrack.uasset" 39
"../../../Engine/Content/EditorMaterials/MatineeGroups/MAT_Groups_Anim.uasset" 40
"../../../Engine/Content/EditorMaterials/MatineeGroups/MAT_Groups_AudioMaster.uasset" 41
"../../../Engine/Content/EditorMaterials/MatineeGroups/MAT_Groups_Director.uasset" 42
"../../../Engine/Content/EditorMaterials/MatineeGroups/MAT_Groups_Event.uasset" 43
"../../../Engine/Content/EditorMaterials/MatineeGroups/MAT_Groups_Fade.uasset" 44
"../../../Engine/Content/EditorMaterials/MatineeGroups/MAT_Groups_Float.uasset" 45
"../../../Engine/Content/EditorMaterials/MatineeGroups/MAT_Groups_Move.uasset" 46
"../../../Engine/Content/EditorMaterials/MatineeGroups/MAT_Groups_Slomo.uasset" 47
"../../../Engine/Content/EditorMaterials/MatineeGroups/MAT_Groups_Sound.uasset" 48
"../../../Engine/Content/EditorMaterials/MatineeGroups/MAT_Groups_Vector.uasset" 49
"../../../Engine/Content/EditorMaterials/ParticleSystems/PSysThumbnail_NoImage.uasset" 50
"../../../Engine/Content/EditorMaterials/ParticleSystems/PSysThumbnail_OOD.uasset" 51
"../../../Engine/Content/EditorMaterials/Camera/CineMat.uasset" 52
"../../../Engine/Content/EditorMaterials/Camera/MI_CineMat_Rig.uasset" 53
"../../../Engine/Content/EditorMeshes/Camera/SM_CraneRig_Arm.uasset" 54
"../../../Engine/Content/EditorMeshes/Camera/SM_CraneRig_Base.uasset" 55
"../../../Engine/Content/EditorMeshes/Camera/SM_CraneRig_Body.uasset" 56
"../../../Engine/Content/EditorMeshes/Camera/SM_CraneRig_Mount.uasset" 57
"../../../Engine/Content/EditorMeshes/Camera/SM_RailRig_Mount.uasset" 58
"../../../Engine/Content/EditorMeshes/Camera/SM_RailRig_Track.uasset" 59
"../../../Engine/Content/EditorResources/BSPVertex.uasset" 60
"../../../Engine/Content/EditorResources/EmptyActor.uasset" 61
"../../../Engine/Content/EditorResources/S_Actor.uasset" 62
"../../../Engine/Content/EditorResources/S_Note.uasset" 63
"../../../Engine/Content/EditorResources/S_Trigger.uasset" 64
"../../../Engine/Content/EditorResources/AudioIcons/S_AudioComponent.uasset" 65
"../../../Engine/Content/EditorResources/AudioIcons/S_AudioComponent_AutoActivate.uasset" 66
"../../../Engine/Content/EditorResources/LightIcons/S_LightError.uasset" 67
"../../../Engine/Content/EditorResources/SequenceRecorder/Countdown.uasset" 68
"../../../Engine/Content/EditorResources/SequenceRecorder/RecordingIndicator.uasset" 69
"../../../Engine/Content/EditorSounds/Notifications/CompileFailed.uasset" 70
"../../../Engine/Content/EditorSounds/Notifications/CompileFailed_Cue.uasset" 71
"../../../Engine/Content/EditorSounds/Notifications/CompileSuccess.uasset" 72
"../../../Engine/Content/EditorSounds/Notifications/CompileStart_Cue.uasset" 73
"../../../Engine/Content/EditorSounds/Notifications/CompileSuccess_Cue.uasset" 74
"../../../Engine/Content/EngineDamageTypes/DmgTypeBP_Environmental.uasset" 75
"../../../Engine/Content/EngineDebugMaterials/HeatmapGradient.uasset" 76
"../../../Engine/Content/EngineDebugMaterials/BoneWeightMaterial.uasset" 77
"../../../Engine/Content/EngineDebugMaterials/ClothMaterial.uasset" 78
"../../../Engine/Content/EngineDebugMaterials/ClothMaterial_WF.uasset" 79
"../../../Engine/Content/EngineDebugMaterials/DebugEditorMaterial.uasset" 80
"../../../Engine/Content/EngineDebugMaterials/DebugMeshMaterial.uasset" 81
"../../../Engine/Content/EngineDebugMaterials/GeomMaterial.uasset" 82
"../../../Engine/Content/EngineDebugMaterials/M_SimpleTranslucent.uasset" 83
"../../../Engine/Content/EngineFonts/Faces/RobotoBold.uasset" 84
"../../../Engine/Content/EngineFonts/Faces/RobotoBoldItalic.uasset" 85
"../../../Engine/Content/EngineFonts/Faces/RobotoItalic.uasset" 86
"../../../Engine/Content/EngineFonts/Faces/RobotoLight.uasset" 87
"../../../Engine/Content/EngineFonts/Faces/RobotoRegular.uasset" 88
"../../../Engine/Content/EngineFonts/Roboto.uasset" 89
"../../../Engine/Content/EngineFonts/Faces/RobotoTiny.uasset" 90
"../../../Engine/Content/EngineFonts/RobotoTiny.uasset" 91
"../../../Engine/Content/EngineMaterials/BaseFlattenDiffuseMap.uasset" 92
"../../../Engine/Content/EngineMaterials/BaseFlattenEmissiveMap.uasset" 93
"../../../Engine/Content/EngineMaterials/BaseFlattenGrayscaleMap.uasset" 94
"../../../Engine/Content/EngineMaterials/BaseFlattenNormalMap.uasset" 95
"../../../Engine/Content/EngineMaterials/BaseFlattenMaterial.uasset" 96
"../../../Engine/Content/EngineMaterials/DefaultBloomKernel.uasset" 97
"../../../Engine/Content/EngineMaterials/DefaultBokeh.uasset" 98
"../../../Engine/Content/EngineMaterials/DefaultDiffuse.uasset" 99
"../../../Engine/Content/EngineMaterials/DefaultDeferredDecalMaterial.uasset" 100
"../../../Engine/Content/EngineMaterials/DefaultLightFunctionMaterial.uasset" 101
"../../../Engine/Content/EngineMaterials/DefaultPhysicalMaterial.uasset" 102
"../../../Engine/Content/Functions/Engine_MaterialFunctions02/Utility/BreakOutFloat2Components.uasset" 103
"../../../Engine/Content/EngineMaterials/DefaultPostProcessMaterial.uasset" 104
"../../../Engine/Content/EngineFonts/RobotoDistanceField.uasset" 105
"../../../Engine/Content/EngineMaterials/DefaultTextMaterialOpaque.uasset" 106
"../../../Engine/Content/EngineMaterials/DefaultWhiteGrid.uasset" 107
"../../../Engine/Content/EngineMaterials/EditorBrushMaterial.uasset" 108
"../../../Engine/Content/EngineMaterials/Good64x64TilingNoiseHighFreq.uasset" 109
"../../../Engine/Content/EngineMaterials/MiniFont.uasset" 110
"../../../Engine/Content/EngineMaterials/InvalidLightmapSettings.uasset" 111
"../../../Engine/Content/EngineMaterials/M_InvalidLightmapSettings.uasset" 112
"../../../Engine/Content/Functions/Engine_MaterialFunctions02/WorldPositionOffset/CameraOffset.uasset" 113
"../../../Engine/Content/EngineMaterials/PhAT_JointLimitMaterial.uasset" 114
"../../../Engine/Content/EngineMaterials/PreintegratedSkinBRDF.uasset" 115
"../../../Engine/Content/EngineMaterials/RemoveSurfaceMaterial.uasset" 116
"../../../Engine/Content/EngineMaterials/WeightMapPlaceholderTexture.uasset" 117
"../../../Engine/Content/EngineResources/WhiteSquareTexture.uasset" 118
"../../../Engine/Content/EngineMaterials/Widget3DPassThrough.uasset" 119
"../../../Engine/Content/EngineMaterials/Widget3DPassThrough_Masked.uasset" 120
"../../../Engine/Content/EngineMaterials/Widget3DPassThrough_Opaque.uasset" 121
"../../../Engine/Content/EngineMaterials/Widget3DPassThrough_Masked_OneSided.uasset" 122
"../../../Engine/Content/EngineMaterials/Widget3DPassThrough_Opaque_OneSided.uasset" 123
"../../../Engine/Content/EngineMaterials/Widget3DPassThrough_Translucent.uasset" 124
"../../../Engine/Content/EngineMaterials/Widget3DPassThrough_Translucent_OneSided.uasset" 125
"../../../Engine/Content/EngineMeshes/Cylinder.uasset" 126
"../../../Engine/Content/EngineMeshes/Sphere.uasset" 127
"../../../Engine/Content/EngineResources/Black.uasset" 128
"../../../Engine/Content/EngineResources/DefaultTexture.uasset" 129
"../../../Engine/Content/EngineResources/DefaultTextureCube.uasset" 130
"../../../Engine/Content/EngineResources/DefaultVolumeTexture2D.uasset" 131
"../../../Engine/Content/EngineResources/DefaultVolumeTexture.uasset" 132
"../../../Engine/Content/EngineResources/GradientTexture0.uasset" 133
"../../../Engine/Content/EngineSounds/Master.uasset" 134
"../../../Engine/Content/Functions/Engine_MaterialFunctions01/Shading/ConvertFromDiffSpec.uasset" 135
"../../../Engine/Content/Functions/Engine_MaterialFunctions01/Shading/PowerToRoughness.uasset" 136
"../../../Engine/Content/Maps/Templates/Thumbnails/Default.uasset" 137
"../../../Engine/Content/Maps/Templates/Thumbnails/VR-Basic.uasset" 138
"../../../Engine/Content/MobileResources/T_MobileControls_texture.uasset" 139
"../../../Engine/Content/MobileResources/T_MobileMenu2.uasset" 140
"../../../Engine/Content/MobileResources/HUD/AnalogHat.uasset" 141
"../../../Engine/Content/MobileResources/HUD/VirtualJoystick_Background.uasset" 142
"../../../Engine/Content/MobileResources/HUD/VirtualJoystick_Thumb.uasset" 143
"../../../Engine/Content/MobileResources/HUD/DefaultVirtualJoysticks.uasset" 144
"../../../Engine/Content/MobileResources/HUD/LeftVirtualJoystickOnly.uasset" 145
"../../../Engine/Content/MobileResources/HUD/MobileHUDButton1_off.uasset" 146
"../../../Engine/Content/MobileResources/HUD/MobileHUDButton1_on.uasset" 147
"../../../Engine/Content/MobileResources/HUD/MobileHUDButton2_off.uasset" 148
"../../../Engine/Content/MobileResources/HUD/MobileHUDButton2_on.uasset" 149
"../../../Engine/Content/MobileResources/HUD/MobileHUDButton3.uasset" 150
"../../../Engine/Content/MobileResources/HUD/MobileHUDButtonFire.uasset" 151
"../../../Engine/Content/MobileResources/HUD/MobileHUDDirectionPad.uasset" 152
"../../../Engine/Content/MobileResources/HUD/MobileHUDDirectionPad2.uasset" 153
"../../../Engine/Content/MobileResources/HUD/MobileHUDDirectionPad3.uasset" 154
"../../../Engine/Content/MobileResources/HUD/MobileHUDDirectionStick.uasset" 155
"../../../Engine/Content/MobileResources/HUD/T_Castle_ThumbstickInner.uasset" 156
"../../../Engine/Content/MobileResources/HUD/T_Castle_ThumbstickOutter.uasset" 157
"../../../Engine/Content/Tutorial/ContentIntroCurve.uasset" 158
"../../../Engine/Content/Tutorial/Basics/LevelEditorAttract.uasset" 159
"../../../Engine/Content/Tutorial/Basics/TutorialAssets/icon_tab_Levels_40x.uasset" 160
"../../../Engine/Content/Tutorial/Basics/LevelEditorOverview.uasset" 161
"../../../Engine/Content/Tutorial/BlueprintTutorials/TutorialAssets/Blueprint_64x.uasset" 162
"../../../Engine/Content/Tutorial/BlueprintTutorials/BlueprintEditorTutorial.uasset" 163
"../../../Engine/Content/Tutorial/BlueprintTutorials/LevelBlueprintEditorOverview.uasset" 164
"../../../Engine/Content/VREditor/LaserPointer/VR_LaserPower_01.uasset" 165
"../../../Engine/Content/VREditor/TransformGizmo/TransformGizmoMaterial.uasset" 166
"../../../Engine/Content/VREditor/TransformGizmo/TranslucentTransformGizmoMaterial.uasset" 167
"../../../Engine/Content/VREditor/TransformGizmo/BoundingBoxCorner.uasset" 168
"../../../Engine/Content/VREditor/TransformGizmo/BoundingBoxEdge.uasset" 169
"../../../Engine/Content/VREditor/TransformGizmo/PlaneTranslationHandle.uasset" 170
"../../../Engine/Content/VREditor/TransformGizmo/Main.uasset" 171
"../../../Engine/Content/VREditor/TransformGizmo/Xray.uasset" 172
"../../../Engine/Content/VREditor/TransformGizmo/SM_Sequencer_Key.uasset" 173
"../../../Engine/Content/VREditor/TransformGizmo/SM_Sequencer_Node.uasset" 174
"../../Plugins/2D/Paper2D/Content/PlaceholderTextures/DummySpriteTexture.uasset" 175
"../../Plugins/2D/Paper2D/Content/DummySprite.uasset" 176
"../../Plugins/2D/Paper2D/Content/DefaultPaperTerrainMaterial.uasset" 177
"../../Plugins/2D/Paper2D/Content/DummySpriteTexture.uasset" 178
"../../Plugins/2D/Paper2D/Content/DefaultSpriteMaterial.uasset" 179
"../../Plugins/2D/Paper2D/Content/MaskedUnlitSpriteMaterial.uasset" 180
"../../Plugins/2D/Paper2D/Content/OpaqueUnlitSpriteMaterial.uasset" 181
"../../Plugins/Runtime/Oculus/OculusVR/Content/OculusMR_RenderTarget.uasset" 182
"../../../Engine/Content/Functions/Engine_MaterialFunctions02/Utility/BreakOutFloat4Components.uasset" 183
"../../../Engine/Content/Functions/Engine_MaterialFunctions02/Utility/MakeFloat2.uasset" 184
"../../../Engine/Content/Functions/Engine_MaterialFunctions02/Utility/MakeFloat3.uasset" 185
"../../Plugins/Runtime/Oculus/OculusVR/Content/Materials/OculusMR_ChromaKey.uasset" 186
"../../Plugins/Runtime/Oculus/OculusVR/Content/Materials/OculusMR_ChromaKey_Lit.uasset" 187
"../../Plugins/Runtime/Oculus/OculusVR/Content/Materials/OculusMR_OpaqueColoredMaterial.uasset" 188
"../../Plugins/Runtime/Oculus/OculusVR/Content/Materials/OculusMR_WhiteMaterial.uasset" 189
"../../Plugins/Runtime/Oculus/OculusVR/Content/Materials/PokeAHoleMaterial.uasset" 190
"../../Plugins/Runtime/Oculus/OculusVR/Content/Textures/GearVRController_AO.uasset" 191
"../../Plugins/Runtime/Oculus/OculusVR/Content/Textures/GearVRController_Color.uasset" 192
"../../Plugins/Runtime/Oculus/OculusVR/Content/Textures/GearVRController_Normal.uasset" 193
"../../Plugins/Runtime/Oculus/OculusVR/Content/Materials/GearVRControllerMaterial.uasset" 194
"../../Plugins/Runtime/Oculus/OculusVR/Content/Meshes/GearVrController.uasset" 195
"../../Plugins/Runtime/Oculus/OculusVR/Content/Textures/touchController_albedo.uasset" 196
"../../Plugins/Runtime/Oculus/OculusVR/Content/Textures/touchController_controlmap.uasset" 197
"../../Plugins/Runtime/Oculus/OculusVR/Content/Materials/touchController_mat.uasset" 198
"../../Plugins/Runtime/Oculus/OculusVR/Content/Meshes/LeftTouchController.uasset" 199
"../../Plugins/Runtime/Oculus/OculusVR/Content/Meshes/RiftHMD.uasset" 200
"../../Plugins/Runtime/Oculus/OculusVR/Content/Meshes/RightTouchController.uasset" 201
"C:/Unreal/UnrealJam/CircoProj/Content/StarterContent/Maps/Camarim_Teste.umap" 202
"../../../Engine/Content/EditorBlueprintResources/StandardMacros.uasset" 203
"../../../Engine/Content/EngineSky/C_Sky_Cloud_Color.uasset" 204
"../../../Engine/Content/EngineSky/C_Sky_Horizon_Color.uasset" 205
"../../../Engine/Content/EngineSky/C_Sky_Zenith_Color.uasset" 206
"../../../Engine/Content/EngineSky/T_Sky_Blue.uasset" 207
"../../../Engine/Content/EngineSky/T_Sky_Clouds_M.uasset" 208
"../../../Engine/Content/EngineSky/T_Sky_Stars.uasset" 209
"../../../Engine/Content/EngineSky/M_Sky_Panning_Clouds2.uasset" 210
"../../../Engine/Content/EngineSky/SM_SkySphere.uasset" 211
"../../../Engine/Content/EngineSky/BP_Sky_Sphere.uasset" 212
"C:/Unreal/UnrealJam/CircoProj/Content/Materials/iten1.uasset" 213
"C:/Unreal/UnrealJam/CircoProj/Content/Blueprints/Cube.uasset" 214
"C:/Unreal/UnrealJam/CircoProj/Content/Blueprints/Objeto_Inspecionado.uasset" 215
"C:/Unreal/UnrealJam/CircoProj/Content/Assets/Drop_and_Throw.uasset" 216
"C:/Unreal/UnrealJam/CircoProj/Content/Blueprints/Drop_Throw_Widget.uasset" 217
"C:/Unreal/UnrealJam/CircoProj/Content/Assets/grab_inspect.uasset" 218
"C:/Unreal/UnrealJam/CircoProj/Content/Blueprints/Grab_Inspect_Widget.uasset" 219
"C:/Unreal/UnrealJam/CircoProj/Content/Assets/grab_only.uasset" 220
"C:/Unreal/UnrealJam/CircoProj/Content/Blueprints/Grag_Widget.uasset" 221
"C:/Unreal/UnrealJam/CircoProj/Content/Assets/inspect_only.uasset" 222
"C:/Unreal/UnrealJam/CircoProj/Content/Blueprints/Inspect_Widget.uasset" 223
"C:/Unreal/UnrealJam/CircoProj/Content/Sounds/Locutor/Fala01.uasset" 224
"C:/Unreal/UnrealJam/CircoProj/Content/Sounds/Locutor/ForTheNextAttraction.uasset" 225
"C:/Unreal/UnrealJam/CircoProj/Content/Sounds/Locutor/mg1.uasset" 226
"C:/Unreal/UnrealJam/CircoProj/Content/Sounds/Locutor/mg2.uasset" 227
"C:/Unreal/UnrealJam/CircoProj/Content/Sounds/Locutor/mg3.uasset" 228
"C:/Unreal/UnrealJam/CircoProj/Content/Sounds/Locutor/ml1.uasset" 229
"C:/Unreal/UnrealJam/CircoProj/Content/Sounds/Locutor/ml2.uasset" 230
"C:/Unreal/UnrealJam/CircoProj/Content/Sounds/Locutor/ml3.uasset" 231
"C:/Unreal/UnrealJam/CircoProj/Content/Sounds/Locutor/pl1.uasset" 232
"C:/Unreal/UnrealJam/CircoProj/Content/Sounds/Locutor/pl2.uasset" 233
"C:/Unreal/UnrealJam/CircoProj/Content/Sounds/Locutor/pl3.uasset" 234
"C:/Unreal/UnrealJam/CircoProj/Content/Sounds/Music/Circus_-_Theme_Song.uasset" 235
"C:/Unreal/UnrealJam/CircoProj/Content/Sounds/Music/Loop.uasset" 236
"C:/Unreal/UnrealJam/CircoProj/Content/Blueprints/Carinha.uasset" 237
"../../../Engine/Content/BasicShapes/BasicShapeMaterial.uasset" 238
"../../../Engine/Content/BasicShapes/Cube.uasset" 239
"C:/Unreal/UnrealJam/CircoProj/Content/Blueprints/DeliveryPlace.uasset" 240
"C:/Unreal/UnrealJam/CircoProj/Content/Blueprints/HUD_Components.uasset" 241
"C:/Unreal/UnrealJam/CircoProj/Content/Blueprints/HUD-Event.uasset" 242
"C:/Unreal/UnrealJam/CircoProj/Content/Blueprints/My_Controller.uasset" 243
"C:/Unreal/UnrealJam/CircoProj/Content/Blueprints/GamemodeReal.uasset" 244
"../../../Engine/Content/BasicShapes/Cone.uasset" 245
"C:/Unreal/UnrealJam/CircoProj/Content/Blueprints/Megafone_Blueprint.uasset" 246
"C:/Unreal/UnrealJam/CircoProj/Content/Assets/Cone.uasset" 247
"C:/Unreal/UnrealJam/CircoProj/Content/Blueprints/Objeto_Inspecionado_Child.uasset" 248
"C:/Unreal/UnrealJam/CircoProj/Content/StarterContent/Maps/Minimal_Default_BuiltData.uasset" 249
"C:/Unreal/UnrealJam/CircoProj/Content/Materials/iten1_2.uasset" 250
"C:/Unreal/UnrealJam/CircoProj/Content/Materials/iten1_3.uasset" 251
"C:/Unreal/UnrealJam/CircoProj/Content/Materials/iten1_4.uasset" 252
"C:/Unreal/UnrealJam/CircoProj/Content/Materials/iten1_5.uasset" 253
"../../../Engine/Content/Functions/Engine_MaterialFunctions02/SplitComponents.uasset" 254
"../../../Engine/Content/Functions/Engine_MaterialFunctions02/Utility/VectorLength.uasset" 255
"C:/Unreal/UnrealJam/CircoProj/Content/Materials/MF_ConvolveTexture.uasset" 256
"C:/Unreal/UnrealJam/CircoProj/Content/Materials/MF_ExtractDepth.uasset" 257
"C:/Unreal/UnrealJam/CircoProj/Content/Materials/MF_SampleSceneTextureNeighbourUVs.uasset" 258
"C:/Unreal/UnrealJam/CircoProj/Content/Materials/PP_Outliner_M.uasset" 259
"C:/Unreal/UnrealJam/CircoProj/Content/Materials/PP_Outliner_Inst.uasset" 260
"C:/Unreal/UnrealJam/CircoProj/Content/Assets/initialShadingGroup.uasset" 261
"C:/Unreal/UnrealJam/CircoProj/Content/Assets/ArmarioCorrection.uasset" 262
"C:/Unreal/UnrealJam/CircoProj/Content/Sounds/Locutor/Audience_Ambience_Loop.uasset" 263
"C:/Unreal/UnrealJam/CircoProj/Content/Sounds/Locutor/Plateia2.uasset" 264
"C:/Unreal/UnrealJam/CircoProj/Content/StarterContent/Architecture/Floor_400x400.uasset" 265
"C:/Unreal/UnrealJam/CircoProj/Content/StarterContent/Maps/Minimal_Default.umap" 266
"../../../Engine/Content/Maps/Entry_BuiltData.uasset" 267
"../../../Engine/Content/Maps/Entry.umap" 268
